0 verbose cli /opt/homebrew/Cellar/node/18.10.0/bin/node /opt/homebrew/bin/npm
1 info using npm@8.19.2
2 info using node@v18.10.0
3 timing npm:load:whichnode Completed in 0ms
4 timing config:load:defaults Completed in 0ms
5 timing config:load:file:/opt/homebrew/lib/node_modules/npm/npmrc Completed in 2ms
6 timing config:load:builtin Completed in 2ms
7 timing config:load:cli Completed in 1ms
8 timing config:load:env Completed in 0ms
9 timing config:load:file:/Users/arnabseal/Library/Caches/typescript/4.8/.npmrc Completed in 0ms
10 timing config:load:project Completed in 3ms
11 timing config:load:file:/Users/arnabseal/.npmrc Completed in 0ms
12 timing config:load:user Completed in 0ms
13 timing config:load:file:/opt/homebrew/etc/npmrc Completed in 0ms
14 timing config:load:global Completed in 0ms
15 timing config:load:validate Completed in 0ms
16 timing config:load:credentials Completed in 1ms
17 timing config:load:setEnvs Completed in 0ms
18 timing config:load Completed in 7ms
19 timing npm:load:configload Completed in 7ms
20 timing npm:load:mkdirpcache Completed in 1ms
21 timing npm:load:mkdirplogs Completed in 0ms
22 verbose title npm install types-registry@latest
23 verbose argv "install" "--ignore-scripts" "types-registry@latest"
24 timing npm:load:setTitle Completed in 2ms
25 timing config:load:flatten Completed in 2ms
26 timing npm:load:display Completed in 2ms
27 verbose logfile logs-max:10 dir:/Users/arnabseal/.npm/_logs
28 verbose logfile /Users/arnabseal/.npm/_logs/2022-12-21T07_20_31_503Z-debug-0.log
29 timing npm:load:logFile Completed in 2ms
30 timing npm:load:timers Completed in 0ms
31 timing npm:load:configScope Completed in 0ms
32 timing npm:load Completed in 15ms
33 timing arborist:ctor Completed in 0ms
34 silly logfile done cleaning log files
35 timing idealTree:init Completed in 8ms
36 timing arborist:ctor Completed in 0ms
37 http fetch GET 200 https://registry.npmjs.org/types-registry 199ms (cache updated)
38 timing idealTree:userRequests Completed in 203ms
39 silly idealTree buildDeps
40 silly fetch manifest types-registry@0.1.623
41 silly placeDep ROOT types-registry@0.1.623 REPLACE for:  want: 0.1.623
42 timing idealTree:#root Completed in 4ms
43 timing idealTree:node_modules/types-registry Completed in 0ms
44 timing idealTree:buildDeps Completed in 4ms
45 timing idealTree:fixDepFlags Completed in 0ms
46 timing idealTree Completed in 215ms
47 timing reify:loadTrees Completed in 215ms
48 timing reify:diffTrees Completed in 1ms
49 silly reify mark retired [
49 silly reify   '/Users/arnabseal/Library/Caches/typescript/4.8/node_modules/types-registry'
49 silly reify ]
50 silly reify moves {
50 silly reify   '/Users/arnabseal/Library/Caches/typescript/4.8/node_modules/types-registry': '/Users/arnabseal/Library/Caches/typescript/4.8/node_modules/.types-registry-uu0ShIWQ'
50 silly reify }
51 timing reify:retireShallow Completed in 4ms
52 timing reify:createSparse Completed in 1ms
53 timing reify:loadBundles Completed in 0ms
54 silly audit bulk request { 'types-registry': [ '0.1.623' ] }
55 silly tarball no local data for types-registry@https://registry.npmjs.org/types-registry/-/types-registry-0.1.623.tgz. Extracting by manifest.
56 http fetch GET 200 https://registry.npmjs.org/npm 260ms (cache updated)
57 http fetch GET 200 https://registry.npmjs.org/types-registry/-/types-registry-0.1.623.tgz 146ms (cache miss)
58 timing reifyNode:node_modules/types-registry Completed in 151ms
59 timing reify:unpack Completed in 151ms
60 timing reify:unretire Completed in 0ms
61 timing build:queue Completed in 0ms
62 timing build:deps Completed in 1ms
63 timing build Completed in 1ms
64 timing reify:build Completed in 1ms
65 timing reify:trash Completed in 1ms
66 timing reify:save Completed in 2ms
67 http fetch POST 200 https://registry.npmjs.org/-/npm/v1/security/advisories/bulk 283ms
68 timing auditReport:getReport Completed in 283ms
69 silly audit report {}
70 timing auditReport:init Completed in 0ms
71 timing reify:audit Completed in 283ms
72 timing reify Completed in 511ms
73 silly CHANGE node_modules/types-registry
74 timing command:install Completed in 513ms
75 notice
75 notice New major version of npm available! 8.19.2 -> 9.2.0
75 notice Changelog: <https://github.com/npm/cli/releases/tag/v9.2.0>
75 notice Run `npm install -g npm@9.2.0` to update!
75 notice
76 verbose exit 0
77 timing npm Completed in 576ms
78 info ok
