0 verbose cli /opt/homebrew/Cellar/node/18.9.1/bin/node /opt/homebrew/bin/npm
1 info using npm@8.19.2
2 info using node@v18.9.1
3 timing npm:load:whichnode Completed in 0ms
4 timing config:load:defaults Completed in 1ms
5 timing config:load:file:/opt/homebrew/lib/node_modules/npm/npmrc Completed in 2ms
6 timing config:load:builtin Completed in 2ms
7 timing config:load:cli Completed in 1ms
8 timing config:load:env Completed in 0ms
9 timing config:load:project Completed in 2ms
10 timing config:load:file:/Users/arnabseal/.npmrc Completed in 0ms
11 timing config:load:user Completed in 0ms
12 timing config:load:file:/opt/homebrew/etc/npmrc Completed in 0ms
13 timing config:load:global Completed in 0ms
14 timing config:load:validate Completed in 0ms
15 timing config:load:credentials Completed in 1ms
16 timing config:load:setEnvs Completed in 0ms
17 timing config:load Completed in 7ms
18 timing npm:load:configload Completed in 7ms
19 timing npm:load:mkdirpcache Completed in 0ms
20 timing npm:load:mkdirplogs Completed in 1ms
21 verbose title npm install wrangler
22 verbose argv "install" "--global" "wrangler"
23 timing npm:load:setTitle Completed in 2ms
24 timing config:load:flatten Completed in 1ms
25 timing npm:load:display Completed in 2ms
26 verbose logfile logs-max:10 dir:/Users/arnabseal/.npm/_logs
27 verbose logfile /Users/arnabseal/.npm/_logs/2022-09-25T18_26_05_081Z-debug-0.log
28 timing npm:load:logFile Completed in 14ms
29 timing npm:load:timers Completed in 0ms
30 timing npm:load:configScope Completed in 0ms
31 timing npm:load Completed in 26ms
32 timing arborist:ctor Completed in 1ms
33 silly logfile done cleaning log files
34 timing idealTree:init Completed in 3ms
35 timing idealTree:userRequests Completed in 1ms
36 silly idealTree buildDeps
37 silly fetch manifest wrangler@*
38 http fetch GET 200 https://registry.npmjs.org/wrangler 14ms (cache hit)
39 silly placeDep ROOT wrangler@2.1.6 OK for:  want: *
40 silly fetch manifest @cloudflare/kv-asset-handler@^0.2.0
41 silly fetch manifest @esbuild-plugins/node-globals-polyfill@^0.1.1
42 silly fetch manifest @esbuild-plugins/node-modules-polyfill@^0.1.4
43 silly fetch manifest blake3-wasm@^2.1.5
44 silly fetch manifest chokidar@^3.5.3
45 silly fetch manifest esbuild@0.14.51
46 silly fetch manifest miniflare@^2.8.1
47 silly fetch manifest nanoid@^3.3.3
48 silly fetch manifest path-to-regexp@^6.2.0
49 silly fetch manifest selfsigned@^2.0.1
50 silly fetch manifest source-map@^0.7.4
51 silly fetch manifest xxhash-wasm@^1.0.1
52 silly fetch manifest fsevents@~2.3.2
53 http fetch GET 200 https://registry.npmjs.org/@esbuild-plugins%2fnode-modules-polyfill 16ms (cache hit)
54 http fetch GET 200 https://registry.npmjs.org/@cloudflare%2fkv-asset-handler 18ms (cache hit)
55 http fetch GET 200 https://registry.npmjs.org/@esbuild-plugins%2fnode-globals-polyfill 18ms (cache hit)
56 http fetch GET 200 https://registry.npmjs.org/blake3-wasm 18ms (cache hit)
57 http fetch GET 200 https://registry.npmjs.org/miniflare 17ms (cache hit)
58 http fetch GET 200 https://registry.npmjs.org/selfsigned 17ms (cache hit)
59 http fetch GET 200 https://registry.npmjs.org/chokidar 20ms (cache hit)
60 http fetch GET 200 https://registry.npmjs.org/nanoid 20ms (cache hit)
61 http fetch GET 200 https://registry.npmjs.org/xxhash-wasm 18ms (cache hit)
62 http fetch GET 200 https://registry.npmjs.org/source-map 19ms (cache hit)
63 http fetch GET 200 https://registry.npmjs.org/fsevents 19ms (cache hit)
64 http fetch GET 200 https://registry.npmjs.org/esbuild 23ms (cache hit)
65 http fetch GET 200 https://registry.npmjs.org/path-to-regexp 24ms (cache hit)
66 timing idealTree:#root Completed in 59ms
67 silly fetch manifest @miniflare/storage-redis@2.9.0
68 http fetch GET 200 https://registry.npmjs.org/@miniflare%2fstorage-redis 2ms (cache hit)
69 silly fetch manifest cron-schedule@^3.0.4
70 http fetch GET 200 https://registry.npmjs.org/cron-schedule 2ms (cache hit)
71 silly fetch manifest ioredis@^4.27.9
72 http fetch GET 200 https://registry.npmjs.org/ioredis 2ms (cache hit)
73 silly placeDep node_modules/wrangler @cloudflare/kv-asset-handler@0.2.0 OK for: wrangler@2.1.6 want: ^0.2.0
74 silly placeDep node_modules/wrangler @esbuild-plugins/node-globals-polyfill@0.1.1 OK for: wrangler@2.1.6 want: ^0.1.1
75 silly placeDep node_modules/wrangler esbuild@0.14.51 OK for: @esbuild-plugins/node-globals-polyfill@0.1.1 want: *
76 silly placeDep node_modules/wrangler @esbuild-plugins/node-modules-polyfill@0.1.4 OK for: wrangler@2.1.6 want: ^0.1.4
77 silly placeDep node_modules/wrangler blake3-wasm@2.1.5 OK for: wrangler@2.1.6 want: ^2.1.5
78 silly placeDep node_modules/wrangler chokidar@3.5.3 OK for: wrangler@2.1.6 want: ^3.5.3
79 silly placeDep node_modules/wrangler fsevents@2.3.2 OK for: wrangler@2.1.6 want: ~2.3.2
80 silly placeDep node_modules/wrangler miniflare@2.9.0 OK for: wrangler@2.1.6 want: ^2.8.1
81 silly placeDep node_modules/wrangler nanoid@3.3.4 OK for: wrangler@2.1.6 want: ^3.3.3
82 silly placeDep node_modules/wrangler path-to-regexp@6.2.1 OK for: wrangler@2.1.6 want: ^6.2.0
83 silly placeDep node_modules/wrangler selfsigned@2.1.1 OK for: wrangler@2.1.6 want: ^2.0.1
84 silly placeDep node_modules/wrangler source-map@0.7.4 OK for: wrangler@2.1.6 want: ^0.7.4
85 silly placeDep node_modules/wrangler xxhash-wasm@1.0.1 OK for: wrangler@2.1.6 want: ^1.0.1
86 silly fetch manifest mime@^3.0.0
87 silly fetch manifest esbuild-android-64@0.14.51
88 silly fetch manifest esbuild-android-arm64@0.14.51
89 silly fetch manifest esbuild-darwin-64@0.14.51
90 silly fetch manifest esbuild-darwin-arm64@0.14.51
91 silly fetch manifest esbuild-freebsd-64@0.14.51
92 silly fetch manifest esbuild-freebsd-arm64@0.14.51
93 silly fetch manifest esbuild-linux-32@0.14.51
94 silly fetch manifest esbuild-linux-64@0.14.51
95 silly fetch manifest esbuild-linux-arm@0.14.51
96 silly fetch manifest esbuild-linux-arm64@0.14.51
97 silly fetch manifest esbuild-linux-mips64le@0.14.51
98 silly fetch manifest esbuild-linux-ppc64le@0.14.51
99 silly fetch manifest esbuild-linux-riscv64@0.14.51
100 silly fetch manifest esbuild-linux-s390x@0.14.51
101 silly fetch manifest esbuild-netbsd-64@0.14.51
102 silly fetch manifest esbuild-openbsd-64@0.14.51
103 silly fetch manifest esbuild-sunos-64@0.14.51
104 silly fetch manifest esbuild-windows-32@0.14.51
105 silly fetch manifest esbuild-windows-64@0.14.51
106 silly fetch manifest esbuild-windows-arm64@0.14.51
107 silly fetch manifest escape-string-regexp@^4.0.0
108 silly fetch manifest rollup-plugin-node-polyfills@^0.2.1
109 silly fetch manifest anymatch@~3.1.2
110 silly fetch manifest braces@~3.0.2
111 silly fetch manifest glob-parent@~5.1.2
112 silly fetch manifest is-binary-path@~2.1.0
113 silly fetch manifest is-glob@~4.0.1
114 silly fetch manifest normalize-path@~3.0.0
115 silly fetch manifest readdirp@~3.6.0
116 silly fetch manifest @miniflare/cache@2.9.0
117 silly fetch manifest @miniflare/cli-parser@2.9.0
118 silly fetch manifest @miniflare/core@2.9.0
119 silly fetch manifest @miniflare/durable-objects@2.9.0
120 silly fetch manifest @miniflare/html-rewriter@2.9.0
121 silly fetch manifest @miniflare/http-server@2.9.0
122 silly fetch manifest @miniflare/kv@2.9.0
123 silly fetch manifest @miniflare/d1@2.9.0
124 silly fetch manifest @miniflare/queues@2.9.0
125 silly fetch manifest @miniflare/r2@2.9.0
126 silly fetch manifest @miniflare/runner-vm@2.9.0
127 silly fetch manifest @miniflare/scheduler@2.9.0
128 silly fetch manifest @miniflare/shared@2.9.0
129 silly fetch manifest @miniflare/sites@2.9.0
130 silly fetch manifest @miniflare/storage-file@2.9.0
131 silly fetch manifest @miniflare/storage-memory@2.9.0
132 silly fetch manifest @miniflare/web-sockets@2.9.0
133 silly fetch manifest kleur@^4.1.4
134 silly fetch manifest semiver@^1.1.0
135 silly fetch manifest source-map-support@^0.5.20
136 silly fetch manifest undici@5.9.1
137 silly fetch manifest node-forge@^1
138 http fetch GET 200 https://registry.npmjs.org/mime 56ms (cache hit)
139 http fetch GET 200 https://registry.npmjs.org/esbuild-android-64 56ms (cache hit)
140 http fetch GET 200 https://registry.npmjs.org/esbuild-linux-32 56ms (cache hit)
141 http fetch GET 200 https://registry.npmjs.org/esbuild-linux-64 58ms (cache hit)
142 http fetch GET 200 https://registry.npmjs.org/esbuild-netbsd-64 57ms (cache hit)
143 http fetch GET 200 https://registry.npmjs.org/esbuild-android-arm64 61ms (cache hit)
144 http fetch GET 200 https://registry.npmjs.org/esbuild-darwin-64 62ms (cache hit)
145 http fetch GET 200 https://registry.npmjs.org/esbuild-linux-ppc64le 62ms (cache hit)
146 http fetch GET 200 https://registry.npmjs.org/esbuild-freebsd-64 65ms (cache hit)
147 http fetch GET 200 https://registry.npmjs.org/esbuild-linux-s390x 64ms (cache hit)
148 http fetch GET 200 https://registry.npmjs.org/esbuild-linux-riscv64 66ms (cache hit)
149 http fetch GET 200 https://registry.npmjs.org/esbuild-windows-32 65ms (cache hit)
150 http fetch GET 200 https://registry.npmjs.org/esbuild-openbsd-64 67ms (cache hit)
151 http fetch GET 200 https://registry.npmjs.org/esbuild-freebsd-arm64 70ms (cache hit)
152 http fetch GET 200 https://registry.npmjs.org/esbuild-darwin-arm64 74ms (cache hit)
153 http fetch GET 200 https://registry.npmjs.org/esbuild-linux-arm64 73ms (cache hit)
154 http fetch GET 200 https://registry.npmjs.org/esbuild-sunos-64 74ms (cache hit)
155 http fetch GET 200 https://registry.npmjs.org/rollup-plugin-node-polyfills 72ms (cache hit)
156 http fetch GET 200 https://registry.npmjs.org/readdirp 71ms (cache hit)
157 http fetch GET 200 https://registry.npmjs.org/glob-parent 72ms (cache hit)
158 http fetch GET 200 https://registry.npmjs.org/normalize-path 72ms (cache hit)
159 http fetch GET 200 https://registry.npmjs.org/escape-string-regexp 74ms (cache hit)
160 http fetch GET 200 https://registry.npmjs.org/anymatch 73ms (cache hit)
161 http fetch GET 200 https://registry.npmjs.org/is-binary-path 72ms (cache hit)
162 http fetch GET 200 https://registry.npmjs.org/@miniflare%2fcache 71ms (cache hit)
163 http fetch GET 200 https://registry.npmjs.org/esbuild-windows-64 75ms (cache hit)
164 http fetch GET 200 https://registry.npmjs.org/@miniflare%2fcli-parser 74ms (cache hit)
165 http fetch GET 200 https://registry.npmjs.org/@miniflare%2fqueues 73ms (cache hit)
166 http fetch GET 200 https://registry.npmjs.org/@miniflare%2fd1 73ms (cache hit)
167 http fetch GET 200 https://registry.npmjs.org/@miniflare%2fdurable-objects 74ms (cache hit)
168 http fetch GET 200 https://registry.npmjs.org/@miniflare%2fhtml-rewriter 74ms (cache hit)
169 http fetch GET 200 https://registry.npmjs.org/@miniflare%2fkv 74ms (cache hit)
170 http fetch GET 200 https://registry.npmjs.org/@miniflare%2fcore 75ms (cache hit)
171 http fetch GET 200 https://registry.npmjs.org/@miniflare%2fsites 73ms (cache hit)
172 http fetch GET 200 https://registry.npmjs.org/@miniflare%2fhttp-server 74ms (cache hit)
173 http fetch GET 200 https://registry.npmjs.org/@miniflare%2fshared 74ms (cache hit)
174 http fetch GET 200 https://registry.npmjs.org/@miniflare%2fr2 75ms (cache hit)
175 http fetch GET 200 https://registry.npmjs.org/is-glob 77ms (cache hit)
176 http fetch GET 200 https://registry.npmjs.org/@miniflare%2fstorage-file 73ms (cache hit)
177 http fetch GET 200 https://registry.npmjs.org/@miniflare%2frunner-vm 74ms (cache hit)
178 http fetch GET 200 https://registry.npmjs.org/braces 79ms (cache hit)
179 http fetch GET 200 https://registry.npmjs.org/esbuild-linux-mips64le 83ms (cache hit)
180 http fetch GET 200 https://registry.npmjs.org/@miniflare%2fstorage-memory 75ms (cache hit)
181 http fetch GET 200 https://registry.npmjs.org/source-map-support 74ms (cache hit)
182 http fetch GET 200 https://registry.npmjs.org/esbuild-windows-arm64 82ms (cache hit)
183 http fetch GET 200 https://registry.npmjs.org/kleur 76ms (cache hit)
184 http fetch GET 200 https://registry.npmjs.org/undici 75ms (cache hit)
185 http fetch GET 200 https://registry.npmjs.org/semiver 77ms (cache hit)
186 http fetch GET 200 https://registry.npmjs.org/@miniflare%2fscheduler 80ms (cache hit)
187 http fetch GET 200 https://registry.npmjs.org/@miniflare%2fweb-sockets 78ms (cache hit)
188 http fetch GET 200 https://registry.npmjs.org/esbuild-linux-arm 88ms (cache hit)
189 http fetch GET 200 https://registry.npmjs.org/node-forge 78ms (cache hit)
190 timing idealTree:node_modules/wrangler Completed in 111ms
191 silly placeDep node_modules/wrangler mime@3.0.0 OK for: @cloudflare/kv-asset-handler@0.2.0 want: ^3.0.0
192 timing idealTree:node_modules/wrangler/node_modules/@cloudflare/kv-asset-handler Completed in 1ms
193 timing idealTree:node_modules/wrangler/node_modules/@esbuild-plugins/node-globals-polyfill Completed in 0ms
194 silly placeDep node_modules/wrangler escape-string-regexp@4.0.0 OK for: @esbuild-plugins/node-modules-polyfill@0.1.4 want: ^4.0.0
195 silly placeDep node_modules/wrangler rollup-plugin-node-polyfills@0.2.1 OK for: @esbuild-plugins/node-modules-polyfill@0.1.4 want: ^0.2.1
196 silly fetch manifest rollup-plugin-inject@^3.0.0
197 http fetch GET 200 https://registry.npmjs.org/rollup-plugin-inject 4ms (cache hit)
198 timing idealTree:node_modules/wrangler/node_modules/@esbuild-plugins/node-modules-polyfill Completed in 5ms
199 timing idealTree:node_modules/wrangler/node_modules/blake3-wasm Completed in 0ms
200 silly placeDep node_modules/wrangler anymatch@3.1.2 OK for: chokidar@3.5.3 want: ~3.1.2
201 silly placeDep node_modules/wrangler braces@3.0.2 OK for: chokidar@3.5.3 want: ~3.0.2
202 silly placeDep node_modules/wrangler glob-parent@5.1.2 OK for: chokidar@3.5.3 want: ~5.1.2
203 silly placeDep node_modules/wrangler is-binary-path@2.1.0 OK for: chokidar@3.5.3 want: ~2.1.0
204 silly placeDep node_modules/wrangler is-glob@4.0.3 OK for: chokidar@3.5.3 want: ~4.0.1
205 silly placeDep node_modules/wrangler normalize-path@3.0.0 OK for: chokidar@3.5.3 want: ~3.0.0
206 silly placeDep node_modules/wrangler readdirp@3.6.0 OK for: chokidar@3.5.3 want: ~3.6.0
207 silly fetch manifest picomatch@^2.0.4
208 silly fetch manifest fill-range@^7.0.1
209 silly fetch manifest binary-extensions@^2.0.0
210 silly fetch manifest is-extglob@^2.1.1
211 silly fetch manifest picomatch@^2.2.1
212 http fetch GET 200 https://registry.npmjs.org/picomatch 5ms (cache hit)
213 http fetch GET 200 https://registry.npmjs.org/is-extglob 4ms (cache hit)
214 http fetch GET 200 https://registry.npmjs.org/fill-range 4ms (cache hit)
215 http fetch GET 200 https://registry.npmjs.org/binary-extensions 5ms (cache hit)
216 http fetch GET 200 https://registry.npmjs.org/picomatch 5ms (cache hit)
217 timing idealTree:node_modules/wrangler/node_modules/chokidar Completed in 9ms
218 silly placeDep node_modules/wrangler picomatch@2.3.1 OK for: anymatch@3.1.2 want: ^2.0.4
219 timing idealTree:node_modules/wrangler/node_modules/anymatch Completed in 1ms
220 silly placeDep node_modules/wrangler fill-range@7.0.1 OK for: braces@3.0.2 want: ^7.0.1
221 silly fetch manifest to-regex-range@^5.0.1
222 http fetch GET 200 https://registry.npmjs.org/to-regex-range 2ms (cache hit)
223 timing idealTree:node_modules/wrangler/node_modules/braces Completed in 2ms
224 silly placeDep node_modules/wrangler esbuild-android-64@0.14.51 OK for: esbuild@0.14.51 want: 0.14.51
225 silly placeDep node_modules/wrangler esbuild-android-arm64@0.14.51 OK for: esbuild@0.14.51 want: 0.14.51
226 silly placeDep node_modules/wrangler esbuild-darwin-64@0.14.51 OK for: esbuild@0.14.51 want: 0.14.51
227 silly placeDep node_modules/wrangler esbuild-darwin-arm64@0.14.51 OK for: esbuild@0.14.51 want: 0.14.51
228 silly placeDep node_modules/wrangler esbuild-freebsd-64@0.14.51 OK for: esbuild@0.14.51 want: 0.14.51
229 silly placeDep node_modules/wrangler esbuild-freebsd-arm64@0.14.51 OK for: esbuild@0.14.51 want: 0.14.51
230 silly placeDep node_modules/wrangler esbuild-linux-32@0.14.51 OK for: esbuild@0.14.51 want: 0.14.51
231 silly placeDep node_modules/wrangler esbuild-linux-64@0.14.51 OK for: esbuild@0.14.51 want: 0.14.51
232 silly placeDep node_modules/wrangler esbuild-linux-arm@0.14.51 OK for: esbuild@0.14.51 want: 0.14.51
233 silly placeDep node_modules/wrangler esbuild-linux-arm64@0.14.51 OK for: esbuild@0.14.51 want: 0.14.51
234 silly placeDep node_modules/wrangler esbuild-linux-mips64le@0.14.51 OK for: esbuild@0.14.51 want: 0.14.51
235 silly placeDep node_modules/wrangler esbuild-linux-ppc64le@0.14.51 OK for: esbuild@0.14.51 want: 0.14.51
236 silly placeDep node_modules/wrangler esbuild-linux-riscv64@0.14.51 OK for: esbuild@0.14.51 want: 0.14.51
237 silly placeDep node_modules/wrangler esbuild-linux-s390x@0.14.51 OK for: esbuild@0.14.51 want: 0.14.51
238 silly placeDep node_modules/wrangler esbuild-netbsd-64@0.14.51 OK for: esbuild@0.14.51 want: 0.14.51
239 silly placeDep node_modules/wrangler esbuild-openbsd-64@0.14.51 OK for: esbuild@0.14.51 want: 0.14.51
240 silly placeDep node_modules/wrangler esbuild-sunos-64@0.14.51 OK for: esbuild@0.14.51 want: 0.14.51
241 silly placeDep node_modules/wrangler esbuild-windows-32@0.14.51 OK for: esbuild@0.14.51 want: 0.14.51
242 silly placeDep node_modules/wrangler esbuild-windows-64@0.14.51 OK for: esbuild@0.14.51 want: 0.14.51
243 silly placeDep node_modules/wrangler esbuild-windows-arm64@0.14.51 OK for: esbuild@0.14.51 want: 0.14.51
244 timing idealTree:node_modules/wrangler/node_modules/esbuild Completed in 8ms
245 timing idealTree:node_modules/wrangler/node_modules/esbuild-android-64 Completed in 0ms
246 timing idealTree:node_modules/wrangler/node_modules/esbuild-android-arm64 Completed in 0ms
247 timing idealTree:node_modules/wrangler/node_modules/esbuild-darwin-64 Completed in 0ms
248 timing idealTree:node_modules/wrangler/node_modules/esbuild-darwin-arm64 Completed in 0ms
249 timing idealTree:node_modules/wrangler/node_modules/esbuild-freebsd-64 Completed in 0ms
250 timing idealTree:node_modules/wrangler/node_modules/esbuild-freebsd-arm64 Completed in 0ms
251 timing idealTree:node_modules/wrangler/node_modules/esbuild-linux-32 Completed in 0ms
252 timing idealTree:node_modules/wrangler/node_modules/esbuild-linux-64 Completed in 0ms
253 timing idealTree:node_modules/wrangler/node_modules/esbuild-linux-arm Completed in 0ms
254 timing idealTree:node_modules/wrangler/node_modules/esbuild-linux-arm64 Completed in 0ms
255 timing idealTree:node_modules/wrangler/node_modules/esbuild-linux-mips64le Completed in 0ms
256 timing idealTree:node_modules/wrangler/node_modules/esbuild-linux-ppc64le Completed in 0ms
257 timing idealTree:node_modules/wrangler/node_modules/esbuild-linux-riscv64 Completed in 0ms
258 timing idealTree:node_modules/wrangler/node_modules/esbuild-linux-s390x Completed in 0ms
259 timing idealTree:node_modules/wrangler/node_modules/esbuild-netbsd-64 Completed in 0ms
260 timing idealTree:node_modules/wrangler/node_modules/esbuild-openbsd-64 Completed in 0ms
261 timing idealTree:node_modules/wrangler/node_modules/esbuild-sunos-64 Completed in 0ms
262 timing idealTree:node_modules/wrangler/node_modules/esbuild-windows-32 Completed in 0ms
263 timing idealTree:node_modules/wrangler/node_modules/esbuild-windows-64 Completed in 0ms
264 timing idealTree:node_modules/wrangler/node_modules/esbuild-windows-arm64 Completed in 0ms
265 timing idealTree:node_modules/wrangler/node_modules/escape-string-regexp Completed in 0ms
266 silly placeDep node_modules/wrangler to-regex-range@5.0.1 OK for: fill-range@7.0.1 want: ^5.0.1
267 silly fetch manifest is-number@^7.0.0
268 http fetch GET 200 https://registry.npmjs.org/is-number 2ms (cache hit)
269 timing idealTree:node_modules/wrangler/node_modules/fill-range Completed in 2ms
270 timing idealTree:node_modules/wrangler/node_modules/fsevents Completed in 0ms
271 timing idealTree:node_modules/wrangler/node_modules/glob-parent Completed in 0ms
272 silly placeDep node_modules/wrangler binary-extensions@2.2.0 OK for: is-binary-path@2.1.0 want: ^2.0.0
273 timing idealTree:node_modules/wrangler/node_modules/is-binary-path Completed in 1ms
274 timing idealTree:node_modules/wrangler/node_modules/binary-extensions Completed in 0ms
275 silly placeDep node_modules/wrangler is-extglob@2.1.1 OK for: is-glob@4.0.3 want: ^2.1.1
276 timing idealTree:node_modules/wrangler/node_modules/is-glob Completed in 0ms
277 timing idealTree:node_modules/wrangler/node_modules/is-extglob Completed in 0ms
278 timing idealTree:node_modules/wrangler/node_modules/mime Completed in 0ms
279 silly placeDep node_modules/wrangler @miniflare/cache@2.9.0 OK for: miniflare@2.9.0 want: 2.9.0
280 silly placeDep node_modules/wrangler @miniflare/cli-parser@2.9.0 OK for: miniflare@2.9.0 want: 2.9.0
281 silly placeDep node_modules/wrangler @miniflare/core@2.9.0 OK for: miniflare@2.9.0 want: 2.9.0
282 silly placeDep node_modules/wrangler @miniflare/d1@2.9.0 OK for: miniflare@2.9.0 want: 2.9.0
283 silly placeDep node_modules/wrangler @miniflare/durable-objects@2.9.0 OK for: miniflare@2.9.0 want: 2.9.0
284 silly placeDep node_modules/wrangler @miniflare/html-rewriter@2.9.0 OK for: miniflare@2.9.0 want: 2.9.0
285 silly placeDep node_modules/wrangler @miniflare/http-server@2.9.0 OK for: miniflare@2.9.0 want: 2.9.0
286 silly placeDep node_modules/wrangler @miniflare/kv@2.9.0 OK for: miniflare@2.9.0 want: 2.9.0
287 silly placeDep node_modules/wrangler @miniflare/queues@2.9.0 OK for: miniflare@2.9.0 want: 2.9.0
288 silly placeDep node_modules/wrangler @miniflare/r2@2.9.0 OK for: miniflare@2.9.0 want: 2.9.0
289 silly placeDep node_modules/wrangler @miniflare/runner-vm@2.9.0 OK for: miniflare@2.9.0 want: 2.9.0
290 silly placeDep node_modules/wrangler @miniflare/scheduler@2.9.0 OK for: miniflare@2.9.0 want: 2.9.0
291 silly placeDep node_modules/wrangler @miniflare/shared@2.9.0 OK for: miniflare@2.9.0 want: 2.9.0
292 silly placeDep node_modules/wrangler @miniflare/sites@2.9.0 OK for: miniflare@2.9.0 want: 2.9.0
293 silly placeDep node_modules/wrangler @miniflare/storage-file@2.9.0 OK for: miniflare@2.9.0 want: 2.9.0
294 silly placeDep node_modules/wrangler @miniflare/storage-memory@2.9.0 OK for: miniflare@2.9.0 want: 2.9.0
295 silly placeDep node_modules/wrangler @miniflare/web-sockets@2.9.0 OK for: miniflare@2.9.0 want: 2.9.0
296 silly placeDep node_modules/wrangler kleur@4.1.5 OK for: miniflare@2.9.0 want: ^4.1.4
297 silly placeDep node_modules/wrangler semiver@1.1.0 OK for: miniflare@2.9.0 want: ^1.1.0
298 silly placeDep node_modules/wrangler source-map-support@0.5.21 OK for: miniflare@2.9.0 want: ^0.5.20
299 silly placeDep node_modules/wrangler undici@5.9.1 OK for: miniflare@2.9.0 want: 5.9.1
300 silly fetch manifest http-cache-semantics@^4.1.0
301 silly fetch manifest @iarna/toml@^2.2.5
302 silly fetch manifest @miniflare/watcher@2.9.0
303 silly fetch manifest busboy@^1.6.0
304 silly fetch manifest dotenv@^10.0.0
305 silly fetch manifest set-cookie-parser@^2.4.8
306 silly fetch manifest urlpattern-polyfill@^4.0.3
307 silly fetch manifest html-rewriter-wasm@^0.4.1
308 silly fetch manifest ws@^8.2.2
309 silly fetch manifest youch@^2.2.2
310 silly fetch manifest @types/better-sqlite3@^7.6.0
311 silly fetch manifest npx-import@^1.1.3
312 silly fetch manifest buffer-from@^1.0.0
313 silly fetch manifest source-map@^0.6.0
314 http fetch GET 200 https://registry.npmjs.org/http-cache-semantics 12ms (cache hit)
315 http fetch GET 200 https://registry.npmjs.org/@iarna%2ftoml 13ms (cache hit)
316 http fetch GET 200 https://registry.npmjs.org/@miniflare%2fwatcher 13ms (cache hit)
317 http fetch GET 200 https://registry.npmjs.org/set-cookie-parser 12ms (cache hit)
318 http fetch GET 200 https://registry.npmjs.org/ws 12ms (cache hit)
319 http fetch GET 200 https://registry.npmjs.org/busboy 13ms (cache hit)
320 http fetch GET 200 https://registry.npmjs.org/dotenv 14ms (cache hit)
321 http fetch GET 200 https://registry.npmjs.org/@types%2fbetter-sqlite3 12ms (cache hit)
322 http fetch GET 200 https://registry.npmjs.org/buffer-from 12ms (cache hit)
323 http fetch GET 200 https://registry.npmjs.org/npx-import 13ms (cache hit)
324 http fetch GET 200 https://registry.npmjs.org/urlpattern-polyfill 15ms (cache hit)
325 http fetch GET 200 https://registry.npmjs.org/youch 14ms (cache hit)
326 http fetch GET 200 https://registry.npmjs.org/html-rewriter-wasm 14ms (cache hit)
327 timing idealTree:node_modules/wrangler/node_modules/miniflare Completed in 24ms
328 silly placeDep node_modules/wrangler http-cache-semantics@4.1.0 OK for: @miniflare/cache@2.9.0 want: ^4.1.0
329 timing idealTree:node_modules/wrangler/node_modules/@miniflare/cache Completed in 0ms
330 timing idealTree:node_modules/wrangler/node_modules/@miniflare/cli-parser Completed in 0ms
331 silly placeDep node_modules/wrangler @iarna/toml@2.2.5 OK for: @miniflare/core@2.9.0 want: ^2.2.5
332 silly placeDep node_modules/wrangler @miniflare/watcher@2.9.0 OK for: @miniflare/core@2.9.0 want: 2.9.0
333 silly placeDep node_modules/wrangler busboy@1.6.0 OK for: @miniflare/core@2.9.0 want: ^1.6.0
334 silly placeDep node_modules/wrangler dotenv@10.0.0 OK for: @miniflare/core@2.9.0 want: ^10.0.0
335 silly placeDep node_modules/wrangler set-cookie-parser@2.5.1 OK for: @miniflare/core@2.9.0 want: ^2.4.8
336 silly placeDep node_modules/wrangler urlpattern-polyfill@4.0.3 OK for: @miniflare/core@2.9.0 want: ^4.0.3
337 silly fetch manifest streamsearch@^1.1.0
338 http fetch GET 200 https://registry.npmjs.org/streamsearch 3ms (cache hit)
339 timing idealTree:node_modules/wrangler/node_modules/@miniflare/core Completed in 5ms
340 timing idealTree:node_modules/wrangler/node_modules/@iarna/toml Completed in 0ms
341 timing idealTree:node_modules/wrangler/node_modules/@miniflare/d1 Completed in 0ms
342 timing idealTree:node_modules/wrangler/node_modules/@miniflare/durable-objects Completed in 0ms
343 silly placeDep node_modules/wrangler html-rewriter-wasm@0.4.1 OK for: @miniflare/html-rewriter@2.9.0 want: ^0.4.1
344 timing idealTree:node_modules/wrangler/node_modules/@miniflare/html-rewriter Completed in 1ms
345 silly fetch manifest bufferutil@^4.0.1
346 http fetch GET 200 https://registry.npmjs.org/bufferutil 2ms (cache hit)
347 silly fetch manifest utf-8-validate@^5.0.2
348 http fetch GET 200 https://registry.npmjs.org/utf-8-validate 1ms (cache hit)
349 silly placeDep node_modules/wrangler ws@8.9.0 OK for: @miniflare/http-server@2.9.0 want: ^8.2.2
350 silly placeDep node_modules/wrangler youch@2.2.2 OK for: @miniflare/http-server@2.9.0 want: ^2.2.2
351 silly fetch manifest @types/stack-trace@0.0.29
352 silly fetch manifest cookie@^0.4.1
353 silly fetch manifest mustache@^4.2.0
354 silly fetch manifest stack-trace@0.0.10
355 http fetch GET 200 https://registry.npmjs.org/@types%2fstack-trace 3ms (cache hit)
356 http fetch GET 200 https://registry.npmjs.org/stack-trace 3ms (cache hit)
357 http fetch GET 200 https://registry.npmjs.org/cookie 3ms (cache hit)
358 http fetch GET 200 https://registry.npmjs.org/mustache 4ms (cache hit)
359 timing idealTree:node_modules/wrangler/node_modules/@miniflare/http-server Completed in 10ms
360 timing idealTree:node_modules/wrangler/node_modules/@miniflare/kv Completed in 0ms
361 timing idealTree:node_modules/wrangler/node_modules/@miniflare/queues Completed in 0ms
362 timing idealTree:node_modules/wrangler/node_modules/@miniflare/r2 Completed in 0ms
363 timing idealTree:node_modules/wrangler/node_modules/@miniflare/runner-vm Completed in 0ms
364 silly placeDep node_modules/wrangler cron-schedule@3.0.6 OK for: @miniflare/scheduler@2.9.0 want: ^3.0.4
365 timing idealTree:node_modules/wrangler/node_modules/@miniflare/scheduler Completed in 0ms
366 silly placeDep node_modules/wrangler @types/better-sqlite3@7.6.0 OK for: @miniflare/shared@2.9.0 want: ^7.6.0
367 silly placeDep node_modules/wrangler npx-import@1.1.3 OK for: @miniflare/shared@2.9.0 want: ^1.1.3
368 silly fetch manifest @types/node@*
369 silly fetch manifest execa@^6.1.0
370 silly fetch manifest parse-package-name@^1.0.0
371 silly fetch manifest semver@^7.3.7
372 silly fetch manifest validate-npm-package-name@^4.0.0
373 http fetch GET 200 https://registry.npmjs.org/parse-package-name 5ms (cache hit)
374 http fetch GET 200 https://registry.npmjs.org/semver 5ms (cache hit)
375 http fetch GET 200 https://registry.npmjs.org/validate-npm-package-name 5ms (cache hit)
376 http fetch GET 200 https://registry.npmjs.org/execa 6ms (cache hit)
377 http fetch GET 200 https://registry.npmjs.org/@types%2fnode 10ms (cache hit)
378 timing idealTree:node_modules/wrangler/node_modules/@miniflare/shared Completed in 13ms
379 timing idealTree:node_modules/wrangler/node_modules/@miniflare/sites Completed in 0ms
380 timing idealTree:node_modules/wrangler/node_modules/@miniflare/storage-file Completed in 0ms
381 timing idealTree:node_modules/wrangler/node_modules/@miniflare/storage-memory Completed in 0ms
382 timing idealTree:node_modules/wrangler/node_modules/@miniflare/watcher Completed in 0ms
383 timing idealTree:node_modules/wrangler/node_modules/@miniflare/web-sockets Completed in 0ms
384 silly placeDep node_modules/wrangler @types/node@18.7.21 OK for: @types/better-sqlite3@7.6.0 want: *
385 timing idealTree:node_modules/wrangler/node_modules/@types/better-sqlite3 Completed in 1ms
386 timing idealTree:node_modules/wrangler/node_modules/@types/node Completed in 0ms
387 silly placeDep node_modules/wrangler streamsearch@1.1.0 OK for: busboy@1.6.0 want: ^1.1.0
388 timing idealTree:node_modules/wrangler/node_modules/busboy Completed in 0ms
389 timing idealTree:node_modules/wrangler/node_modules/cron-schedule Completed in 0ms
390 timing idealTree:node_modules/wrangler/node_modules/dotenv Completed in 0ms
391 timing idealTree:node_modules/wrangler/node_modules/html-rewriter-wasm Completed in 0ms
392 timing idealTree:node_modules/wrangler/node_modules/http-cache-semantics Completed in 0ms
393 timing idealTree:node_modules/wrangler/node_modules/kleur Completed in 0ms
394 timing idealTree:node_modules/wrangler/node_modules/nanoid Completed in 0ms
395 timing idealTree:node_modules/wrangler/node_modules/normalize-path Completed in 0ms
396 silly placeDep node_modules/wrangler execa@6.1.0 OK for: npx-import@1.1.3 want: ^6.1.0
397 silly placeDep node_modules/wrangler parse-package-name@1.0.0 OK for: npx-import@1.1.3 want: ^1.0.0
398 silly placeDep node_modules/wrangler semver@7.3.7 OK for: npx-import@1.1.3 want: ^7.3.7
399 silly placeDep node_modules/wrangler validate-npm-package-name@4.0.0 OK for: npx-import@1.1.3 want: ^4.0.0
400 silly fetch manifest cross-spawn@^7.0.3
401 silly fetch manifest get-stream@^6.0.1
402 silly fetch manifest human-signals@^3.0.1
403 silly fetch manifest is-stream@^3.0.0
404 silly fetch manifest merge-stream@^2.0.0
405 silly fetch manifest npm-run-path@^5.1.0
406 silly fetch manifest onetime@^6.0.0
407 silly fetch manifest signal-exit@^3.0.7
408 silly fetch manifest strip-final-newline@^3.0.0
409 silly fetch manifest lru-cache@^6.0.0
410 silly fetch manifest builtins@^5.0.0
411 http fetch GET 200 https://registry.npmjs.org/cross-spawn 10ms (cache hit)
412 http fetch GET 200 https://registry.npmjs.org/is-stream 10ms (cache hit)
413 http fetch GET 200 https://registry.npmjs.org/merge-stream 10ms (cache hit)
414 http fetch GET 200 https://registry.npmjs.org/human-signals 10ms (cache hit)
415 http fetch GET 200 https://registry.npmjs.org/signal-exit 10ms (cache hit)
416 http fetch GET 200 https://registry.npmjs.org/npm-run-path 10ms (cache hit)
417 http fetch GET 200 https://registry.npmjs.org/strip-final-newline 9ms (cache hit)
418 http fetch GET 200 https://registry.npmjs.org/get-stream 11ms (cache hit)
419 http fetch GET 200 https://registry.npmjs.org/builtins 9ms (cache hit)
420 http fetch GET 200 https://registry.npmjs.org/lru-cache 10ms (cache hit)
421 http fetch GET 200 https://registry.npmjs.org/onetime 11ms (cache hit)
422 timing idealTree:node_modules/wrangler/node_modules/npx-import Completed in 14ms
423 silly placeDep node_modules/wrangler cross-spawn@7.0.3 OK for: execa@6.1.0 want: ^7.0.3
424 silly placeDep node_modules/wrangler get-stream@6.0.1 OK for: execa@6.1.0 want: ^6.0.1
425 silly placeDep node_modules/wrangler human-signals@3.0.1 OK for: execa@6.1.0 want: ^3.0.1
426 silly placeDep node_modules/wrangler is-stream@3.0.0 OK for: execa@6.1.0 want: ^3.0.0
427 silly placeDep node_modules/wrangler merge-stream@2.0.0 OK for: execa@6.1.0 want: ^2.0.0
428 silly placeDep node_modules/wrangler npm-run-path@5.1.0 OK for: execa@6.1.0 want: ^5.1.0
429 silly placeDep node_modules/wrangler onetime@6.0.0 OK for: execa@6.1.0 want: ^6.0.0
430 silly placeDep node_modules/wrangler signal-exit@3.0.7 OK for: execa@6.1.0 want: ^3.0.7
431 silly placeDep node_modules/wrangler strip-final-newline@3.0.0 OK for: execa@6.1.0 want: ^3.0.0
432 silly fetch manifest path-key@^3.1.0
433 silly fetch manifest shebang-command@^2.0.0
434 silly fetch manifest which@^2.0.1
435 silly fetch manifest path-key@^4.0.0
436 silly fetch manifest mimic-fn@^4.0.0
437 http fetch GET 200 https://registry.npmjs.org/mimic-fn 4ms (cache hit)
438 http fetch GET 200 https://registry.npmjs.org/path-key 5ms (cache hit)
439 http fetch GET 200 https://registry.npmjs.org/shebang-command 5ms (cache hit)
440 http fetch GET 200 https://registry.npmjs.org/path-key 5ms (cache hit)
441 http fetch GET 200 https://registry.npmjs.org/which 5ms (cache hit)
442 timing idealTree:node_modules/wrangler/node_modules/execa Completed in 9ms
443 silly placeDep node_modules/wrangler path-key@3.1.1 OK for: cross-spawn@7.0.3 want: ^3.1.0
444 silly placeDep node_modules/wrangler shebang-command@2.0.0 OK for: cross-spawn@7.0.3 want: ^2.0.0
445 silly placeDep node_modules/wrangler which@2.0.2 OK for: cross-spawn@7.0.3 want: ^2.0.1
446 silly fetch manifest shebang-regex@^3.0.0
447 silly fetch manifest isexe@^2.0.0
448 http fetch GET 200 https://registry.npmjs.org/isexe 2ms (cache hit)
449 http fetch GET 200 https://registry.npmjs.org/shebang-regex 2ms (cache hit)
450 timing idealTree:node_modules/wrangler/node_modules/cross-spawn Completed in 3ms
451 timing idealTree:node_modules/wrangler/node_modules/get-stream Completed in 0ms
452 timing idealTree:node_modules/wrangler/node_modules/human-signals Completed in 0ms
453 timing idealTree:node_modules/wrangler/node_modules/is-stream Completed in 0ms
454 timing idealTree:node_modules/wrangler/node_modules/merge-stream Completed in 0ms
455 silly placeDep node_modules/wrangler/node_modules/npm-run-path path-key@4.0.0 OK for: npm-run-path@5.1.0 want: ^4.0.0
456 timing idealTree:node_modules/wrangler/node_modules/npm-run-path Completed in 1ms
457 silly placeDep node_modules/wrangler mimic-fn@4.0.0 OK for: onetime@6.0.0 want: ^4.0.0
458 timing idealTree:node_modules/wrangler/node_modules/onetime Completed in 0ms
459 timing idealTree:node_modules/wrangler/node_modules/mimic-fn Completed in 0ms
460 timing idealTree:node_modules/wrangler/node_modules/parse-package-name Completed in 0ms
461 timing idealTree:node_modules/wrangler/node_modules/path-key Completed in 0ms
462 timing idealTree:node_modules/wrangler/node_modules/path-to-regexp Completed in 0ms
463 timing idealTree:node_modules/wrangler/node_modules/picomatch Completed in 0ms
464 timing idealTree:node_modules/wrangler/node_modules/readdirp Completed in 0ms
465 silly placeDep node_modules/wrangler rollup-plugin-inject@3.0.2 OK for: rollup-plugin-node-polyfills@0.2.1 want: ^3.0.0
466 silly fetch manifest estree-walker@^0.6.1
467 silly fetch manifest magic-string@^0.25.3
468 silly fetch manifest rollup-pluginutils@^2.8.1
469 http fetch GET 200 https://registry.npmjs.org/rollup-pluginutils 3ms (cache hit)
470 http fetch GET 200 https://registry.npmjs.org/magic-string 3ms (cache hit)
471 http fetch GET 200 https://registry.npmjs.org/estree-walker 4ms (cache hit)
472 timing idealTree:node_modules/wrangler/node_modules/rollup-plugin-node-polyfills Completed in 5ms
473 silly placeDep node_modules/wrangler estree-walker@0.6.1 OK for: rollup-plugin-inject@3.0.2 want: ^0.6.1
474 silly placeDep node_modules/wrangler magic-string@0.25.9 OK for: rollup-plugin-inject@3.0.2 want: ^0.25.3
475 silly placeDep node_modules/wrangler rollup-pluginutils@2.8.2 OK for: rollup-plugin-inject@3.0.2 want: ^2.8.1
476 silly fetch manifest sourcemap-codec@^1.4.8
477 http fetch GET 200 https://registry.npmjs.org/sourcemap-codec 3ms (cache hit)
478 timing idealTree:node_modules/wrangler/node_modules/rollup-plugin-inject Completed in 4ms
479 timing idealTree:node_modules/wrangler/node_modules/estree-walker Completed in 0ms
480 silly placeDep node_modules/wrangler sourcemap-codec@1.4.8 OK for: magic-string@0.25.9 want: ^1.4.8
481 timing idealTree:node_modules/wrangler/node_modules/magic-string Completed in 1ms
482 timing idealTree:node_modules/wrangler/node_modules/rollup-pluginutils Completed in 0ms
483 silly placeDep node_modules/wrangler node-forge@1.3.1 OK for: selfsigned@2.1.1 want: ^1
484 timing idealTree:node_modules/wrangler/node_modules/selfsigned Completed in 0ms
485 timing idealTree:node_modules/wrangler/node_modules/node-forge Completed in 0ms
486 timing idealTree:node_modules/wrangler/node_modules/semiver Completed in 0ms
487 silly placeDep node_modules/wrangler lru-cache@6.0.0 OK for: semver@7.3.7 want: ^6.0.0
488 silly fetch manifest yallist@^4.0.0
489 http fetch GET 200 https://registry.npmjs.org/yallist 1ms (cache hit)
490 timing idealTree:node_modules/wrangler/node_modules/semver Completed in 2ms
491 silly placeDep node_modules/wrangler yallist@4.0.0 OK for: lru-cache@6.0.0 want: ^4.0.0
492 timing idealTree:node_modules/wrangler/node_modules/lru-cache Completed in 1ms
493 timing idealTree:node_modules/wrangler/node_modules/set-cookie-parser Completed in 0ms
494 silly placeDep node_modules/wrangler shebang-regex@3.0.0 OK for: shebang-command@2.0.0 want: ^3.0.0
495 timing idealTree:node_modules/wrangler/node_modules/shebang-command Completed in 0ms
496 timing idealTree:node_modules/wrangler/node_modules/shebang-regex Completed in 0ms
497 timing idealTree:node_modules/wrangler/node_modules/signal-exit Completed in 0ms
498 timing idealTree:node_modules/wrangler/node_modules/source-map Completed in 0ms
499 silly placeDep node_modules/wrangler buffer-from@1.1.2 OK for: source-map-support@0.5.21 want: ^1.0.0
500 silly placeDep node_modules/wrangler/node_modules/source-map-support source-map@0.6.1 OK for: source-map-support@0.5.21 want: ^0.6.0
501 timing idealTree:node_modules/wrangler/node_modules/source-map-support Completed in 1ms
502 timing idealTree:node_modules/wrangler/node_modules/buffer-from Completed in 0ms
503 timing idealTree:node_modules/wrangler/node_modules/sourcemap-codec Completed in 0ms
504 timing idealTree:node_modules/wrangler/node_modules/streamsearch Completed in 0ms
505 timing idealTree:node_modules/wrangler/node_modules/strip-final-newline Completed in 0ms
506 silly placeDep node_modules/wrangler is-number@7.0.0 OK for: to-regex-range@5.0.1 want: ^7.0.0
507 timing idealTree:node_modules/wrangler/node_modules/to-regex-range Completed in 0ms
508 timing idealTree:node_modules/wrangler/node_modules/is-number Completed in 0ms
509 timing idealTree:node_modules/wrangler/node_modules/undici Completed in 0ms
510 timing idealTree:node_modules/wrangler/node_modules/urlpattern-polyfill Completed in 0ms
511 silly placeDep node_modules/wrangler builtins@5.0.1 OK for: validate-npm-package-name@4.0.0 want: ^5.0.0
512 timing idealTree:node_modules/wrangler/node_modules/validate-npm-package-name Completed in 1ms
513 timing idealTree:node_modules/wrangler/node_modules/builtins Completed in 0ms
514 silly placeDep node_modules/wrangler isexe@2.0.0 OK for: which@2.0.2 want: ^2.0.0
515 timing idealTree:node_modules/wrangler/node_modules/which Completed in 0ms
516 timing idealTree:node_modules/wrangler/node_modules/isexe Completed in 0ms
517 timing idealTree:node_modules/wrangler/node_modules/ws Completed in 0ms
518 timing idealTree:node_modules/wrangler/node_modules/xxhash-wasm Completed in 0ms
519 timing idealTree:node_modules/wrangler/node_modules/yallist Completed in 0ms
520 silly placeDep node_modules/wrangler @types/stack-trace@0.0.29 OK for: youch@2.2.2 want: 0.0.29
521 silly placeDep node_modules/wrangler cookie@0.4.2 OK for: youch@2.2.2 want: ^0.4.1
522 silly placeDep node_modules/wrangler mustache@4.2.0 OK for: youch@2.2.2 want: ^4.2.0
523 silly placeDep node_modules/wrangler stack-trace@0.0.10 OK for: youch@2.2.2 want: 0.0.10
524 timing idealTree:node_modules/wrangler/node_modules/youch Completed in 1ms
525 timing idealTree:node_modules/wrangler/node_modules/@types/stack-trace Completed in 0ms
526 timing idealTree:node_modules/wrangler/node_modules/cookie Completed in 0ms
527 timing idealTree:node_modules/wrangler/node_modules/mustache Completed in 0ms
528 timing idealTree:node_modules/wrangler/node_modules/stack-trace Completed in 0ms
529 timing idealTree:node_modules/wrangler/node_modules/npm-run-path/node_modules/path-key Completed in 0ms
530 timing idealTree:node_modules/wrangler/node_modules/source-map-support/node_modules/source-map Completed in 0ms
531 timing idealTree:buildDeps Completed in 299ms
532 timing idealTree:fixDepFlags Completed in 1ms
533 timing idealTree Completed in 305ms
534 timing reify:loadTrees Completed in 306ms
535 timing reify:diffTrees Completed in 1ms
536 silly reify moves {}
537 timing reify:retireShallow Completed in 0ms
538 timing reify:createSparse Completed in 9ms
539 timing reify:loadBundles Completed in 0ms
540 silly audit bulk request {
540 silly audit   wrangler: [ '2.1.6' ],
540 silly audit   '@cloudflare/kv-asset-handler': [ '0.2.0' ],
540 silly audit   '@esbuild-plugins/node-globals-polyfill': [ '0.1.1' ],
540 silly audit   esbuild: [ '0.14.51' ],
540 silly audit   '@esbuild-plugins/node-modules-polyfill': [ '0.1.4' ],
540 silly audit   'blake3-wasm': [ '2.1.5' ],
540 silly audit   chokidar: [ '3.5.3' ],
540 silly audit   fsevents: [ '2.3.2' ],
540 silly audit   miniflare: [ '2.9.0' ],
540 silly audit   nanoid: [ '3.3.4' ],
540 silly audit   'path-to-regexp': [ '6.2.1' ],
540 silly audit   selfsigned: [ '2.1.1' ],
540 silly audit   'source-map': [ '0.7.4', '0.6.1' ],
540 silly audit   'xxhash-wasm': [ '1.0.1' ],
540 silly audit   mime: [ '3.0.0' ],
540 silly audit   'escape-string-regexp': [ '4.0.0' ],
540 silly audit   'rollup-plugin-node-polyfills': [ '0.2.1' ],
540 silly audit   anymatch: [ '3.1.2' ],
540 silly audit   braces: [ '3.0.2' ],
540 silly audit   'glob-parent': [ '5.1.2' ],
540 silly audit   'is-binary-path': [ '2.1.0' ],
540 silly audit   'is-glob': [ '4.0.3' ],
540 silly audit   'normalize-path': [ '3.0.0' ],
540 silly audit   readdirp: [ '3.6.0' ],
540 silly audit   picomatch: [ '2.3.1' ],
540 silly audit   'fill-range': [ '7.0.1' ],
540 silly audit   'esbuild-android-64': [ '0.14.51' ],
540 silly audit   'esbuild-android-arm64': [ '0.14.51' ],
540 silly audit   'esbuild-darwin-64': [ '0.14.51' ],
540 silly audit   'esbuild-darwin-arm64': [ '0.14.51' ],
540 silly audit   'esbuild-freebsd-64': [ '0.14.51' ],
540 silly audit   'esbuild-freebsd-arm64': [ '0.14.51' ],
540 silly audit   'esbuild-linux-32': [ '0.14.51' ],
540 silly audit   'esbuild-linux-64': [ '0.14.51' ],
540 silly audit   'esbuild-linux-arm': [ '0.14.51' ],
540 silly audit   'esbuild-linux-arm64': [ '0.14.51' ],
540 silly audit   'esbuild-linux-mips64le': [ '0.14.51' ],
540 silly audit   'esbuild-linux-ppc64le': [ '0.14.51' ],
540 silly audit   'esbuild-linux-riscv64': [ '0.14.51' ],
540 silly audit   'esbuild-linux-s390x': [ '0.14.51' ],
540 silly audit   'esbuild-netbsd-64': [ '0.14.51' ],
540 silly audit   'esbuild-openbsd-64': [ '0.14.51' ],
540 silly audit   'esbuild-sunos-64': [ '0.14.51' ],
540 silly audit   'esbuild-windows-32': [ '0.14.51' ],
540 silly audit   'esbuild-windows-64': [ '0.14.51' ],
540 silly audit   'esbuild-windows-arm64': [ '0.14.51' ],
540 silly audit   'to-regex-range': [ '5.0.1' ],
540 silly audit   'binary-extensions': [ '2.2.0' ],
540 silly audit   'is-extglob': [ '2.1.1' ],
540 silly audit   '@miniflare/cache': [ '2.9.0' ],
540 silly audit   '@miniflare/cli-parser': [ '2.9.0' ],
540 silly audit   '@miniflare/core': [ '2.9.0' ],
540 silly audit   '@miniflare/d1': [ '2.9.0' ],
540 silly audit   '@miniflare/durable-objects': [ '2.9.0' ],
540 silly audit   '@miniflare/html-rewriter': [ '2.9.0' ],
540 silly audit   '@miniflare/http-server': [ '2.9.0' ],
540 silly audit   '@miniflare/kv': [ '2.9.0' ],
540 silly audit   '@miniflare/queues': [ '2.9.0' ],
540 silly audit   '@miniflare/r2': [ '2.9.0' ],
540 silly audit   '@miniflare/runner-vm': [ '2.9.0' ],
540 silly audit   '@miniflare/scheduler': [ '2.9.0' ],
540 silly audit   '@miniflare/shared': [ '2.9.0' ],
540 silly audit   '@miniflare/sites': [ '2.9.0' ],
540 silly audit   '@miniflare/storage-file': [ '2.9.0' ],
540 silly audit   '@miniflare/storage-memory': [ '2.9.0' ],
540 silly audit   '@miniflare/web-sockets': [ '2.9.0' ],
540 silly audit   kleur: [ '4.1.5' ],
540 silly audit   semiver: [ '1.1.0' ],
540 silly audit   'source-map-support': [ '0.5.21' ],
540 silly audit   undici: [ '5.9.1' ],
540 silly audit   'http-cache-semantics': [ '4.1.0' ],
540 silly audit   '@iarna/toml': [ '2.2.5' ],
540 silly audit   '@miniflare/watcher': [ '2.9.0' ],
540 silly audit   busboy: [ '1.6.0' ],
540 silly audit   dotenv: [ '10.0.0' ],
540 silly audit   'set-cookie-parser': [ '2.5.1' ],
540 silly audit   'urlpattern-polyfill': [ '4.0.3' ],
540 silly audit   'html-rewriter-wasm': [ '0.4.1' ],
540 silly audit   ws: [ '8.9.0' ],
540 silly audit   youch: [ '2.2.2' ],
540 silly audit   'cron-schedule': [ '3.0.6' ],
540 silly audit   '@types/better-sqlite3': [ '7.6.0' ],
540 silly audit   'npx-import': [ '1.1.3' ],
540 silly audit   '@types/node': [ '18.7.21' ],
540 silly audit   streamsearch: [ '1.1.0' ],
540 silly audit   execa: [ '6.1.0' ],
540 silly audit   'parse-package-name': [ '1.0.0' ],
540 silly audit   semver: [ '7.3.7' ],
540 silly audit   'validate-npm-package-name': [ '4.0.0' ],
540 silly audit   'cross-spawn': [ '7.0.3' ],
540 silly audit   'get-stream': [ '6.0.1' ],
540 silly audit   'human-signals': [ '3.0.1' ],
540 silly audit   'is-stream': [ '3.0.0' ],
540 silly audit   'merge-stream': [ '2.0.0' ],
540 silly audit   'npm-run-path': [ '5.1.0' ],
540 silly audit   onetime: [ '6.0.0' ],
540 silly audit   'signal-exit': [ '3.0.7' ],
540 silly audit   'strip-final-newline': [ '3.0.0' ],
540 silly audit   'path-key': [ '3.1.1', '4.0.0' ],
540 silly audit   'shebang-command': [ '2.0.0' ],
540 silly audit   which: [ '2.0.2' ],
540 silly audit   'mimic-fn': [ '4.0.0' ],
540 silly audit   'rollup-plugin-inject': [ '3.0.2' ],
540 silly audit   'estree-walker': [ '0.6.1' ],
540 silly audit   'magic-string': [ '0.25.9' ],
540 silly audit   'rollup-pluginutils': [ '2.8.2' ],
540 silly audit   'sourcemap-codec': [ '1.4.8' ],
540 silly audit   'node-forge': [ '1.3.1' ],
540 silly audit   'lru-cache': [ '6.0.0' ],
540 silly audit   yallist: [ '4.0.0' ],
540 silly audit   'shebang-regex': [ '3.0.0' ],
540 silly audit   'buffer-from': [ '1.1.2' ],
540 silly audit   'is-number': [ '7.0.0' ],
540 silly audit   builtins: [ '5.0.1' ],
540 silly audit   isexe: [ '2.0.0' ],
540 silly audit   '@types/stack-trace': [ '0.0.29' ],
540 silly audit   cookie: [ '0.4.2' ],
540 silly audit   mustache: [ '4.2.0' ],
540 silly audit   'stack-trace': [ '0.0.10' ]
540 silly audit }
541 verbose reify failed optional dependency /opt/homebrew/lib/node_modules/wrangler/node_modules/esbuild-windows-arm64
542 silly reify mark deleted [
542 silly reify   '/opt/homebrew/lib/node_modules/wrangler/node_modules/esbuild-windows-arm64'
542 silly reify ]
543 verbose reify failed optional dependency /opt/homebrew/lib/node_modules/wrangler/node_modules/esbuild-windows-64
544 silly reify mark deleted [
544 silly reify   '/opt/homebrew/lib/node_modules/wrangler/node_modules/esbuild-windows-64'
544 silly reify ]
545 verbose reify failed optional dependency /opt/homebrew/lib/node_modules/wrangler/node_modules/esbuild-windows-32
546 silly reify mark deleted [
546 silly reify   '/opt/homebrew/lib/node_modules/wrangler/node_modules/esbuild-windows-32'
546 silly reify ]
547 verbose reify failed optional dependency /opt/homebrew/lib/node_modules/wrangler/node_modules/esbuild-sunos-64
548 silly reify mark deleted [
548 silly reify   '/opt/homebrew/lib/node_modules/wrangler/node_modules/esbuild-sunos-64'
548 silly reify ]
549 verbose reify failed optional dependency /opt/homebrew/lib/node_modules/wrangler/node_modules/esbuild-openbsd-64
550 silly reify mark deleted [
550 silly reify   '/opt/homebrew/lib/node_modules/wrangler/node_modules/esbuild-openbsd-64'
550 silly reify ]
551 verbose reify failed optional dependency /opt/homebrew/lib/node_modules/wrangler/node_modules/esbuild-netbsd-64
552 silly reify mark deleted [
552 silly reify   '/opt/homebrew/lib/node_modules/wrangler/node_modules/esbuild-netbsd-64'
552 silly reify ]
553 verbose reify failed optional dependency /opt/homebrew/lib/node_modules/wrangler/node_modules/esbuild-linux-s390x
554 silly reify mark deleted [
554 silly reify   '/opt/homebrew/lib/node_modules/wrangler/node_modules/esbuild-linux-s390x'
554 silly reify ]
555 verbose reify failed optional dependency /opt/homebrew/lib/node_modules/wrangler/node_modules/esbuild-linux-riscv64
556 silly reify mark deleted [
556 silly reify   '/opt/homebrew/lib/node_modules/wrangler/node_modules/esbuild-linux-riscv64'
556 silly reify ]
557 verbose reify failed optional dependency /opt/homebrew/lib/node_modules/wrangler/node_modules/esbuild-linux-ppc64le
558 silly reify mark deleted [
558 silly reify   '/opt/homebrew/lib/node_modules/wrangler/node_modules/esbuild-linux-ppc64le'
558 silly reify ]
559 verbose reify failed optional dependency /opt/homebrew/lib/node_modules/wrangler/node_modules/esbuild-linux-mips64le
560 silly reify mark deleted [
560 silly reify   '/opt/homebrew/lib/node_modules/wrangler/node_modules/esbuild-linux-mips64le'
560 silly reify ]
561 verbose reify failed optional dependency /opt/homebrew/lib/node_modules/wrangler/node_modules/esbuild-linux-arm64
562 silly reify mark deleted [
562 silly reify   '/opt/homebrew/lib/node_modules/wrangler/node_modules/esbuild-linux-arm64'
562 silly reify ]
563 verbose reify failed optional dependency /opt/homebrew/lib/node_modules/wrangler/node_modules/esbuild-linux-arm
564 silly reify mark deleted [
564 silly reify   '/opt/homebrew/lib/node_modules/wrangler/node_modules/esbuild-linux-arm'
564 silly reify ]
565 verbose reify failed optional dependency /opt/homebrew/lib/node_modules/wrangler/node_modules/esbuild-linux-64
566 silly reify mark deleted [
566 silly reify   '/opt/homebrew/lib/node_modules/wrangler/node_modules/esbuild-linux-64'
566 silly reify ]
567 verbose reify failed optional dependency /opt/homebrew/lib/node_modules/wrangler/node_modules/esbuild-linux-32
568 silly reify mark deleted [
568 silly reify   '/opt/homebrew/lib/node_modules/wrangler/node_modules/esbuild-linux-32'
568 silly reify ]
569 verbose reify failed optional dependency /opt/homebrew/lib/node_modules/wrangler/node_modules/esbuild-freebsd-arm64
570 silly reify mark deleted [
570 silly reify   '/opt/homebrew/lib/node_modules/wrangler/node_modules/esbuild-freebsd-arm64'
570 silly reify ]
571 verbose reify failed optional dependency /opt/homebrew/lib/node_modules/wrangler/node_modules/esbuild-freebsd-64
572 silly reify mark deleted [
572 silly reify   '/opt/homebrew/lib/node_modules/wrangler/node_modules/esbuild-freebsd-64'
572 silly reify ]
573 verbose reify failed optional dependency /opt/homebrew/lib/node_modules/wrangler/node_modules/esbuild-darwin-64
574 silly reify mark deleted [
574 silly reify   '/opt/homebrew/lib/node_modules/wrangler/node_modules/esbuild-darwin-64'
574 silly reify ]
575 verbose reify failed optional dependency /opt/homebrew/lib/node_modules/wrangler/node_modules/esbuild-android-arm64
576 silly reify mark deleted [
576 silly reify   '/opt/homebrew/lib/node_modules/wrangler/node_modules/esbuild-android-arm64'
576 silly reify ]
577 verbose reify failed optional dependency /opt/homebrew/lib/node_modules/wrangler/node_modules/esbuild-android-64
578 silly reify mark deleted [
578 silly reify   '/opt/homebrew/lib/node_modules/wrangler/node_modules/esbuild-android-64'
578 silly reify ]
579 timing reifyNode:node_modules/wrangler/node_modules/esbuild-windows-arm64 Completed in 14ms
580 timing reifyNode:node_modules/wrangler/node_modules/esbuild-windows-64 Completed in 14ms
581 timing reifyNode:node_modules/wrangler/node_modules/esbuild-windows-32 Completed in 14ms
582 timing reifyNode:node_modules/wrangler/node_modules/esbuild-sunos-64 Completed in 14ms
583 timing reifyNode:node_modules/wrangler/node_modules/esbuild-openbsd-64 Completed in 14ms
584 timing reifyNode:node_modules/wrangler/node_modules/esbuild-netbsd-64 Completed in 14ms
585 timing reifyNode:node_modules/wrangler/node_modules/esbuild-linux-s390x Completed in 14ms
586 timing reifyNode:node_modules/wrangler/node_modules/esbuild-linux-riscv64 Completed in 14ms
587 timing reifyNode:node_modules/wrangler/node_modules/esbuild-linux-ppc64le Completed in 14ms
588 timing reifyNode:node_modules/wrangler/node_modules/esbuild-linux-mips64le Completed in 14ms
589 timing reifyNode:node_modules/wrangler/node_modules/esbuild-linux-arm64 Completed in 14ms
590 timing reifyNode:node_modules/wrangler/node_modules/esbuild-linux-arm Completed in 15ms
591 timing reifyNode:node_modules/wrangler/node_modules/esbuild-linux-64 Completed in 15ms
592 timing reifyNode:node_modules/wrangler/node_modules/esbuild-linux-32 Completed in 15ms
593 timing reifyNode:node_modules/wrangler/node_modules/esbuild-freebsd-arm64 Completed in 15ms
594 timing reifyNode:node_modules/wrangler/node_modules/esbuild-freebsd-64 Completed in 15ms
595 timing reifyNode:node_modules/wrangler/node_modules/esbuild-darwin-64 Completed in 15ms
596 timing reifyNode:node_modules/wrangler/node_modules/esbuild-android-arm64 Completed in 15ms
597 timing reifyNode:node_modules/wrangler/node_modules/esbuild-android-64 Completed in 15ms
598 timing reifyNode:node_modules/wrangler/node_modules/buffer-from Completed in 188ms
599 timing reifyNode:node_modules/wrangler/node_modules/is-number Completed in 188ms
600 timing reifyNode:node_modules/wrangler/node_modules/builtins Completed in 188ms
601 timing reifyNode:node_modules/wrangler/node_modules/@types/stack-trace Completed in 189ms
602 timing reifyNode:node_modules/wrangler/node_modules/shebang-command Completed in 188ms
603 timing reifyNode:node_modules/wrangler/node_modules/strip-final-newline Completed in 189ms
604 timing reifyNode:node_modules/wrangler/node_modules/merge-stream Completed in 189ms
605 timing reifyNode:node_modules/wrangler/node_modules/@types/better-sqlite3 Completed in 189ms
606 timing reifyNode:node_modules/wrangler/node_modules/is-extglob Completed in 189ms
607 timing reifyNode:node_modules/wrangler/node_modules/normalize-path Completed in 189ms
608 timing reifyNode:node_modules/wrangler/node_modules/shebang-regex Completed in 191ms
609 timing reifyNode:node_modules/wrangler/node_modules/lru-cache Completed in 192ms
610 timing reifyNode:node_modules/wrangler/node_modules/mimic-fn Completed in 192ms
611 timing reifyNode:node_modules/wrangler/node_modules/signal-exit Completed in 192ms
612 timing reifyNode:node_modules/wrangler/node_modules/npm-run-path Completed in 193ms
613 timing reifyNode:node_modules/wrangler/node_modules/onetime Completed in 194ms
614 timing reifyNode:node_modules/wrangler/node_modules/path-key Completed in 194ms
615 timing reifyNode:node_modules/wrangler/node_modules/is-stream Completed in 194ms
616 timing reifyNode:node_modules/wrangler/node_modules/npm-run-path/node_modules/path-key Completed in 194ms
617 timing reifyNode:node_modules/wrangler/node_modules/validate-npm-package-name Completed in 195ms
618 timing reifyNode:node_modules/wrangler/node_modules/to-regex-range Completed in 195ms
619 timing reifyNode:node_modules/wrangler/node_modules/fill-range Completed in 195ms
620 timing reifyNode:node_modules/wrangler/node_modules/is-glob Completed in 194ms
621 timing reifyNode:node_modules/wrangler/node_modules/anymatch Completed in 194ms
622 timing reifyNode:node_modules/wrangler/node_modules/glob-parent Completed in 194ms
623 timing reifyNode:node_modules/wrangler/node_modules/escape-string-regexp Completed in 194ms
624 timing reifyNode:node_modules/wrangler/node_modules/is-binary-path Completed in 194ms
625 timing reifyNode:node_modules/wrangler/node_modules/cookie Completed in 198ms
626 timing reifyNode:node_modules/wrangler/node_modules/yallist Completed in 197ms
627 timing reifyNode:node_modules/wrangler/node_modules/set-cookie-parser Completed in 197ms
628 timing reifyNode:node_modules/wrangler/node_modules/stack-trace Completed in 199ms
629 timing reifyNode:node_modules/wrangler/node_modules/which Completed in 199ms
630 timing reifyNode:node_modules/wrangler/node_modules/get-stream Completed in 199ms
631 timing reifyNode:node_modules/wrangler/node_modules/parse-package-name Completed in 200ms
632 timing reifyNode:node_modules/wrangler/node_modules/http-cache-semantics Completed in 200ms
633 timing reifyNode:node_modules/wrangler/node_modules/@miniflare/watcher Completed in 200ms
634 timing reifyNode:node_modules/wrangler/node_modules/@miniflare/storage-memory Completed in 199ms
635 timing reifyNode:node_modules/wrangler/node_modules/@miniflare/web-sockets Completed in 200ms
636 timing reifyNode:node_modules/wrangler/node_modules/@miniflare/storage-file Completed in 200ms
637 timing reifyNode:node_modules/wrangler/node_modules/@miniflare/scheduler Completed in 200ms
638 timing reifyNode:node_modules/wrangler/node_modules/@miniflare/queues Completed in 201ms
639 timing reifyNode:node_modules/wrangler/node_modules/@miniflare/html-rewriter Completed in 201ms
640 timing reifyNode:node_modules/wrangler/node_modules/binary-extensions Completed in 201ms
641 timing reifyNode:node_modules/wrangler/node_modules/@miniflare/cli-parser Completed in 201ms
642 timing reifyNode:node_modules/wrangler/node_modules/readdirp Completed in 201ms
643 timing reifyNode:node_modules/wrangler/node_modules/semiver Completed in 202ms
644 timing reifyNode:node_modules/wrangler/node_modules/@miniflare/sites Completed in 203ms
645 timing reifyNode:node_modules/wrangler/node_modules/@miniflare/d1 Completed in 203ms
646 timing reifyNode:node_modules/wrangler/node_modules/estree-walker Completed in 204ms
647 timing reifyNode:node_modules/wrangler/node_modules/@miniflare/runner-vm Completed in 204ms
648 timing reifyNode:node_modules/wrangler/node_modules/@miniflare/kv Completed in 204ms
649 timing reifyNode:node_modules/wrangler/node_modules/@miniflare/cache Completed in 204ms
650 timing reifyNode:node_modules/wrangler/node_modules/isexe Completed in 206ms
651 warn deprecated rollup-plugin-inject@3.0.2: This package has been deprecated and is no longer maintained. Please use @rollup/plugin-inject.
652 timing reifyNode:node_modules/wrangler/node_modules/rollup-plugin-inject Completed in 206ms
653 timing reifyNode:node_modules/wrangler/node_modules/selfsigned Completed in 205ms
654 timing reifyNode:node_modules/wrangler/node_modules/urlpattern-polyfill Completed in 207ms
655 timing reifyNode:node_modules/wrangler/node_modules/kleur Completed in 207ms
656 timing reifyNode:node_modules/wrangler/node_modules/@miniflare/r2 Completed in 207ms
657 timing reifyNode:node_modules/wrangler/node_modules/@miniflare/http-server Completed in 207ms
658 timing reifyNode:node_modules/wrangler/node_modules/@miniflare/durable-objects Completed in 207ms
659 timing reifyNode:node_modules/wrangler/node_modules/cross-spawn Completed in 209ms
660 timing reifyNode:node_modules/wrangler/node_modules/youch Completed in 209ms
661 timing reifyNode:node_modules/wrangler/node_modules/@miniflare/shared Completed in 209ms
662 timing reifyNode:node_modules/wrangler/node_modules/streamsearch Completed in 211ms
663 timing reifyNode:node_modules/wrangler/node_modules/source-map-support Completed in 210ms
664 timing reifyNode:node_modules/wrangler/node_modules/mime Completed in 209ms
665 timing reifyNode:node_modules/wrangler/node_modules/sourcemap-codec Completed in 211ms
666 timing reifyNode:node_modules/wrangler/node_modules/miniflare Completed in 211ms
667 timing reifyNode:node_modules/wrangler/node_modules/braces Completed in 211ms
668 timing reifyNode:node_modules/wrangler/node_modules/fsevents Completed in 212ms
669 timing reifyNode:node_modules/wrangler/node_modules/dotenv Completed in 215ms
670 timing reifyNode:node_modules/wrangler/node_modules/execa Completed in 215ms
671 timing reifyNode:node_modules/wrangler/node_modules/esbuild Completed in 214ms
672 timing reifyNode:node_modules/wrangler/node_modules/picomatch Completed in 215ms
673 timing reifyNode:node_modules/wrangler/node_modules/chokidar Completed in 214ms
674 timing reifyNode:node_modules/wrangler/node_modules/human-signals Completed in 217ms
675 timing reifyNode:node_modules/wrangler/node_modules/path-to-regexp Completed in 216ms
676 timing reifyNode:node_modules/wrangler/node_modules/xxhash-wasm Completed in 219ms
677 timing reifyNode:node_modules/wrangler/node_modules/@miniflare/core Completed in 221ms
678 timing reifyNode:node_modules/wrangler/node_modules/npx-import Completed in 223ms
679 timing reifyNode:node_modules/wrangler/node_modules/@iarna/toml Completed in 224ms
680 timing reifyNode:node_modules/wrangler/node_modules/nanoid Completed in 224ms
681 timing reifyNode:node_modules/wrangler/node_modules/cron-schedule Completed in 226ms
682 timing reifyNode:node_modules/wrangler/node_modules/ws Completed in 227ms
683 timing reifyNode:node_modules/wrangler/node_modules/rollup-pluginutils Completed in 227ms
684 timing reifyNode:node_modules/wrangler/node_modules/magic-string Completed in 227ms
685 timing reifyNode:node_modules/wrangler/node_modules/@esbuild-plugins/node-globals-polyfill Completed in 226ms
686 timing reifyNode:node_modules/wrangler/node_modules/source-map Completed in 227ms
687 timing reifyNode:node_modules/wrangler/node_modules/@esbuild-plugins/node-modules-polyfill Completed in 227ms
688 timing reifyNode:node_modules/wrangler/node_modules/mustache Completed in 230ms
689 timing reifyNode:node_modules/wrangler/node_modules/@cloudflare/kv-asset-handler Completed in 227ms
690 timing reifyNode:node_modules/wrangler/node_modules/busboy Completed in 230ms
691 timing reifyNode:node_modules/wrangler/node_modules/semver Completed in 238ms
692 timing reifyNode:node_modules/wrangler/node_modules/html-rewriter-wasm Completed in 247ms
693 timing reifyNode:node_modules/wrangler/node_modules/source-map-support/node_modules/source-map Completed in 248ms
694 timing reifyNode:node_modules/wrangler/node_modules/rollup-plugin-node-polyfills Completed in 268ms
695 timing reifyNode:node_modules/wrangler/node_modules/node-forge Completed in 272ms
696 timing reifyNode:node_modules/wrangler/node_modules/undici Completed in 274ms
697 timing reifyNode:node_modules/wrangler/node_modules/blake3-wasm Completed in 275ms
698 timing reifyNode:node_modules/wrangler/node_modules/@types/node Completed in 286ms
699 timing reifyNode:node_modules/wrangler/node_modules/esbuild-darwin-arm64 Completed in 291ms
700 timing reifyNode:node_modules/wrangler Completed in 308ms
701 timing reify:unpack Completed in 308ms
702 timing reify:unretire Completed in 0ms
703 timing build:queue Completed in 2ms
704 timing build:link:node_modules/wrangler/node_modules/esbuild Completed in 2ms
705 timing build:link:node_modules/wrangler Completed in 2ms
706 timing build:link:node_modules/wrangler/node_modules/mime Completed in 2ms
707 timing build:link:node_modules/wrangler/node_modules/mustache Completed in 2ms
708 timing build:link:node_modules/wrangler/node_modules/semver Completed in 2ms
709 timing build:link:node_modules/wrangler/node_modules/miniflare Completed in 2ms
710 timing build:link:node_modules/wrangler/node_modules/which Completed in 1ms
711 timing build:link:node_modules/wrangler/node_modules/nanoid Completed in 2ms
712 timing build:link Completed in 2ms
713 info run esbuild@0.14.51 postinstall node_modules/wrangler/node_modules/esbuild node install.js
714 info run esbuild@0.14.51 postinstall { code: 0, signal: null }
715 timing build:run:postinstall:node_modules/wrangler/node_modules/esbuild Completed in 195ms
716 timing build:run:postinstall Completed in 195ms
717 timing build:deps Completed in 199ms
718 timing build Completed in 200ms
719 timing reify:build Completed in 200ms
720 timing reify:trash Completed in 1ms
721 http fetch POST 200 https://registry.npmjs.org/-/npm/v1/security/advisories/bulk 619ms
722 timing auditReport:getReport Completed in 621ms
723 silly audit report {}
724 timing auditReport:init Completed in 0ms
725 timing reify:audit Completed in 621ms
726 timing reify Completed in 943ms
727 silly ADD node_modules/wrangler
728 silly ADD node_modules/wrangler/node_modules/stack-trace
729 silly ADD node_modules/wrangler/node_modules/mustache
730 silly ADD node_modules/wrangler/node_modules/cookie
731 silly ADD node_modules/wrangler/node_modules/@types/stack-trace
732 silly ADD node_modules/wrangler/node_modules/isexe
733 silly ADD node_modules/wrangler/node_modules/builtins
734 silly ADD node_modules/wrangler/node_modules/is-number
735 silly ADD node_modules/wrangler/node_modules/buffer-from
736 silly ADD node_modules/wrangler/node_modules/shebang-regex
737 silly ADD node_modules/wrangler/node_modules/yallist
738 silly ADD node_modules/wrangler/node_modules/lru-cache
739 silly ADD node_modules/wrangler/node_modules/node-forge
740 silly ADD node_modules/wrangler/node_modules/sourcemap-codec
741 silly ADD node_modules/wrangler/node_modules/rollup-pluginutils
742 silly ADD node_modules/wrangler/node_modules/magic-string
743 silly ADD node_modules/wrangler/node_modules/estree-walker
744 silly ADD node_modules/wrangler/node_modules/rollup-plugin-inject
745 silly ADD node_modules/wrangler/node_modules/mimic-fn
746 silly ADD node_modules/wrangler/node_modules/which
747 silly ADD node_modules/wrangler/node_modules/shebang-command
748 silly ADD node_modules/wrangler/node_modules/path-key
749 silly ADD node_modules/wrangler/node_modules/strip-final-newline
750 silly ADD node_modules/wrangler/node_modules/signal-exit
751 silly ADD node_modules/wrangler/node_modules/onetime
752 silly ADD node_modules/wrangler/node_modules/npm-run-path
753 silly ADD node_modules/wrangler/node_modules/npm-run-path/node_modules/path-key
754 silly ADD node_modules/wrangler/node_modules/merge-stream
755 silly ADD node_modules/wrangler/node_modules/is-stream
756 silly ADD node_modules/wrangler/node_modules/human-signals
757 silly ADD node_modules/wrangler/node_modules/get-stream
758 silly ADD node_modules/wrangler/node_modules/cross-spawn
759 silly ADD node_modules/wrangler/node_modules/validate-npm-package-name
760 silly ADD node_modules/wrangler/node_modules/semver
761 silly ADD node_modules/wrangler/node_modules/parse-package-name
762 silly ADD node_modules/wrangler/node_modules/execa
763 silly ADD node_modules/wrangler/node_modules/streamsearch
764 silly ADD node_modules/wrangler/node_modules/@types/node
765 silly ADD node_modules/wrangler/node_modules/npx-import
766 silly ADD node_modules/wrangler/node_modules/@types/better-sqlite3
767 silly ADD node_modules/wrangler/node_modules/cron-schedule
768 silly ADD node_modules/wrangler/node_modules/youch
769 silly ADD node_modules/wrangler/node_modules/ws
770 silly ADD node_modules/wrangler/node_modules/html-rewriter-wasm
771 silly ADD node_modules/wrangler/node_modules/urlpattern-polyfill
772 silly ADD node_modules/wrangler/node_modules/set-cookie-parser
773 silly ADD node_modules/wrangler/node_modules/dotenv
774 silly ADD node_modules/wrangler/node_modules/busboy
775 silly ADD node_modules/wrangler/node_modules/@miniflare/watcher
776 silly ADD node_modules/wrangler/node_modules/@iarna/toml
777 silly ADD node_modules/wrangler/node_modules/http-cache-semantics
778 silly ADD node_modules/wrangler/node_modules/undici
779 silly ADD node_modules/wrangler/node_modules/source-map-support
780 silly ADD node_modules/wrangler/node_modules/source-map-support/node_modules/source-map
781 silly ADD node_modules/wrangler/node_modules/semiver
782 silly ADD node_modules/wrangler/node_modules/kleur
783 silly ADD node_modules/wrangler/node_modules/@miniflare/web-sockets
784 silly ADD node_modules/wrangler/node_modules/@miniflare/storage-memory
785 silly ADD node_modules/wrangler/node_modules/@miniflare/storage-file
786 silly ADD node_modules/wrangler/node_modules/@miniflare/sites
787 silly ADD node_modules/wrangler/node_modules/@miniflare/shared
788 silly ADD node_modules/wrangler/node_modules/@miniflare/scheduler
789 silly ADD node_modules/wrangler/node_modules/@miniflare/runner-vm
790 silly ADD node_modules/wrangler/node_modules/@miniflare/r2
791 silly ADD node_modules/wrangler/node_modules/@miniflare/queues
792 silly ADD node_modules/wrangler/node_modules/@miniflare/kv
793 silly ADD node_modules/wrangler/node_modules/@miniflare/http-server
794 silly ADD node_modules/wrangler/node_modules/@miniflare/html-rewriter
795 silly ADD node_modules/wrangler/node_modules/@miniflare/durable-objects
796 silly ADD node_modules/wrangler/node_modules/@miniflare/d1
797 silly ADD node_modules/wrangler/node_modules/@miniflare/core
798 silly ADD node_modules/wrangler/node_modules/@miniflare/cli-parser
799 silly ADD node_modules/wrangler/node_modules/@miniflare/cache
800 silly ADD node_modules/wrangler/node_modules/is-extglob
801 silly ADD node_modules/wrangler/node_modules/binary-extensions
802 silly ADD node_modules/wrangler/node_modules/to-regex-range
803 silly ADD
804 silly ADD
805 silly ADD
806 silly ADD
807 silly ADD
808 silly ADD
809 silly ADD
810 silly ADD
811 silly ADD
812 silly ADD
813 silly ADD
814 silly ADD
815 silly ADD
816 silly ADD
817 silly ADD
818 silly ADD
819 silly ADD node_modules/wrangler/node_modules/esbuild-darwin-arm64
820 silly ADD
821 silly ADD
822 silly ADD
823 silly ADD node_modules/wrangler/node_modules/fill-range
824 silly ADD node_modules/wrangler/node_modules/picomatch
825 silly ADD node_modules/wrangler/node_modules/readdirp
826 silly ADD node_modules/wrangler/node_modules/normalize-path
827 silly ADD node_modules/wrangler/node_modules/is-glob
828 silly ADD node_modules/wrangler/node_modules/is-binary-path
829 silly ADD node_modules/wrangler/node_modules/glob-parent
830 silly ADD node_modules/wrangler/node_modules/braces
831 silly ADD node_modules/wrangler/node_modules/anymatch
832 silly ADD node_modules/wrangler/node_modules/rollup-plugin-node-polyfills
833 silly ADD node_modules/wrangler/node_modules/escape-string-regexp
834 silly ADD node_modules/wrangler/node_modules/mime
835 silly ADD node_modules/wrangler/node_modules/xxhash-wasm
836 silly ADD node_modules/wrangler/node_modules/source-map
837 silly ADD node_modules/wrangler/node_modules/selfsigned
838 silly ADD node_modules/wrangler/node_modules/path-to-regexp
839 silly ADD node_modules/wrangler/node_modules/nanoid
840 silly ADD node_modules/wrangler/node_modules/miniflare
841 silly ADD node_modules/wrangler/node_modules/fsevents
842 silly ADD node_modules/wrangler/node_modules/chokidar
843 silly ADD node_modules/wrangler/node_modules/blake3-wasm
844 silly ADD node_modules/wrangler/node_modules/@esbuild-plugins/node-modules-polyfill
845 silly ADD node_modules/wrangler/node_modules/esbuild
846 silly ADD node_modules/wrangler/node_modules/@esbuild-plugins/node-globals-polyfill
847 silly ADD node_modules/wrangler/node_modules/@cloudflare/kv-asset-handler
848 timing command:install Completed in 947ms
849 verbose exit 0
850 timing npm Completed in 1015ms
851 info ok
