0 verbose cli /opt/homebrew/Cellar/node/20.3.0/bin/node /opt/homebrew/bin/npm
1 info using npm@9.6.7
2 info using node@v20.3.0
3 timing npm:load:whichnode Completed in 1ms
4 timing config:load:defaults Completed in 1ms
5 timing config:load:file:/opt/homebrew/lib/node_modules/npm/npmrc Completed in 1ms
6 timing config:load:builtin Completed in 1ms
7 timing config:load:cli Completed in 1ms
8 timing config:load:env Completed in 0ms
9 timing config:load:file:/Users/arnabseal/Library/Caches/typescript/5.1/.npmrc Completed in 0ms
10 timing config:load:project Completed in 1ms
11 timing config:load:file:/Users/arnabseal/.npmrc Completed in 0ms
12 timing config:load:user Completed in 0ms
13 timing config:load:file:/opt/homebrew/etc/npmrc Completed in 0ms
14 timing config:load:global Completed in 0ms
15 timing config:load:setEnvs Completed in 0ms
16 timing config:load Completed in 4ms
17 timing npm:load:configload Completed in 4ms
18 timing npm:load:mkdirpcache Completed in 0ms
19 timing npm:load:mkdirplogs Completed in 1ms
20 verbose title npm install @types/eslint@ts5.1
21 verbose argv "install" "--ignore-scripts" "@types/eslint@ts5.1" "--save-dev" "--user-agent" "typesInstaller/5.1.3"
22 timing npm:load:setTitle Completed in 2ms
23 timing config:load:flatten Completed in 1ms
24 timing npm:load:display Completed in 1ms
25 verbose logfile logs-max:10 dir:/Users/arnabseal/.npm/_logs/2023-07-04T06_17_33_140Z-
26 verbose logfile /Users/arnabseal/.npm/_logs/2023-07-04T06_17_33_140Z-debug-0.log
27 timing npm:load:logFile Completed in 5ms
28 timing npm:load:timers Completed in 0ms
29 timing npm:load:configScope Completed in 0ms
30 timing npm:load Completed in 14ms
31 timing arborist:ctor Completed in 1ms
32 silly logfile start cleaning logs, removing 1 files
33 timing idealTree:init Completed in 8ms
34 silly logfile done cleaning log files
35 timing arborist:ctor Completed in 0ms
36 http fetch GET 200 https://registry.npmjs.org/@types%2feslint 85ms (cache miss)
37 timing idealTree:userRequests Completed in 87ms
38 silly idealTree buildDeps
39 silly fetch manifest @types/eslint@8.40.2
40 silly placeDep ROOT @types/eslint@8.40.2 OK for:  want: 8.40.2
41 silly fetch manifest @types/estree@*
42 silly fetch manifest @types/json-schema@*
43 http fetch GET 200 https://registry.npmjs.org/@types%2festree 29ms (cache miss)
44 http fetch GET 200 https://registry.npmjs.org/@types%2fjson-schema 93ms (cache miss)
45 timing idealTree:#root Completed in 96ms
46 silly placeDep ROOT @types/estree@1.0.1 OK for: @types/eslint@8.40.2 want: *
47 silly placeDep ROOT @types/json-schema@7.0.12 OK for: @types/eslint@8.40.2 want: *
48 timing idealTree:node_modules/@types/eslint Completed in 3ms
49 timing idealTree:node_modules/@types/estree Completed in 0ms
50 timing idealTree:node_modules/@types/json-schema Completed in 0ms
51 timing idealTree:buildDeps Completed in 100ms
52 timing idealTree:fixDepFlags Completed in 0ms
53 timing idealTree Completed in 195ms
54 timing reify:loadTrees Completed in 195ms
55 timing reify:diffTrees Completed in 1ms
56 silly reify moves {}
57 timing reify:retireShallow Completed in 1ms
58 timing reify:createSparse Completed in 0ms
59 timing reify:loadBundles Completed in 0ms
60 silly audit bulk request {
60 silly audit   'types-registry': [ '0.1.651' ],
60 silly audit   '@types/eslint': [ '8.40.2' ],
60 silly audit   '@types/estree': [ '1.0.1' ],
60 silly audit   '@types/json-schema': [ '7.0.12' ]
60 silly audit }
61 silly tarball no local data for @types/json-schema@https://registry.npmjs.org/@types/json-schema/-/json-schema-7.0.12.tgz. Extracting by manifest.
62 silly tarball no local data for @types/eslint@https://registry.npmjs.org/@types/eslint/-/eslint-8.40.2.tgz. Extracting by manifest.
63 silly tarball no local data for @types/estree@https://registry.npmjs.org/@types/estree/-/estree-1.0.1.tgz. Extracting by manifest.
64 http fetch GET 200 https://registry.npmjs.org/@types/json-schema/-/json-schema-7.0.12.tgz 53ms (cache miss)
65 timing reifyNode:node_modules/@types/json-schema Completed in 57ms
66 http fetch GET 200 https://registry.npmjs.org/@types/estree/-/estree-1.0.1.tgz 54ms (cache miss)
67 timing reifyNode:node_modules/@types/estree Completed in 59ms
68 http fetch GET 200 https://registry.npmjs.org/@types/eslint/-/eslint-8.40.2.tgz 78ms (cache miss)
69 timing reifyNode:node_modules/@types/eslint Completed in 82ms
70 timing reify:unpack Completed in 82ms
71 timing reify:unretire Completed in 0ms
72 timing build:queue Completed in 0ms
73 timing build:deps Completed in 0ms
74 timing build Completed in 0ms
75 timing reify:build Completed in 0ms
76 timing reify:trash Completed in 0ms
77 timing reify:save Completed in 2ms
78 http fetch POST 200 https://registry.npmjs.org/-/npm/v1/security/advisories/bulk 280ms
79 timing auditReport:getReport Completed in 281ms
80 silly audit report {}
81 timing auditReport:init Completed in 0ms
82 timing reify:audit Completed in 281ms
83 timing reify Completed in 481ms
84 silly ADD node_modules/@types/json-schema
85 silly ADD node_modules/@types/estree
86 silly ADD node_modules/@types/eslint
87 timing command:install Completed in 485ms
88 verbose exit 0
89 timing npm Completed in 560ms
90 info ok
