0 verbose cli /opt/homebrew/Cellar/node/19.4.0_1/bin/node /opt/homebrew/bin/npm
1 info using npm@9.2.0
2 info using node@v19.4.0
3 timing npm:load:whichnode Completed in 0ms
4 timing config:load:defaults Completed in 1ms
5 timing config:load:file:/opt/homebrew/lib/node_modules/npm/npmrc Completed in 3ms
6 timing config:load:builtin Completed in 3ms
7 timing config:load:cli Completed in 1ms
8 timing config:load:env Completed in 1ms
9 timing config:load:file:/Users/arnabseal/Library/Caches/typescript/4.9/.npmrc Completed in 0ms
10 timing config:load:project Completed in 3ms
11 timing config:load:file:/Users/arnabseal/.npmrc Completed in 0ms
12 timing config:load:user Completed in 0ms
13 timing config:load:file:/opt/homebrew/etc/npmrc Completed in 1ms
14 timing config:load:global Completed in 1ms
15 timing config:load:setEnvs Completed in 0ms
16 timing config:load Completed in 10ms
17 timing npm:load:configload Completed in 10ms
18 timing npm:load:mkdirpcache Completed in 0ms
19 timing npm:load:mkdirplogs Completed in 0ms
20 verbose title npm install types-registry@latest
21 verbose argv "install" "--ignore-scripts" "types-registry@latest"
22 timing npm:load:setTitle Completed in 3ms
23 timing config:load:flatten Completed in 1ms
24 timing npm:load:display Completed in 1ms
25 verbose logfile logs-max:10 dir:/Users/arnabseal/.npm/_logs/2023-05-03T14_41_16_940Z-
26 verbose logfile /Users/arnabseal/.npm/_logs/2023-05-03T14_41_16_940Z-debug-0.log
27 timing npm:load:logFile Completed in 3ms
28 timing npm:load:timers Completed in 0ms
29 timing npm:load:configScope Completed in 0ms
30 timing npm:load Completed in 17ms
31 silly logfile done cleaning log files
32 timing config:load:flatten Completed in 0ms
33 timing arborist:ctor Completed in 0ms
34 timing idealTree:init Completed in 8ms
35 timing arborist:ctor Completed in 0ms
36 http fetch GET 200 https://registry.npmjs.org/types-registry 83ms (cache revalidated)
37 timing idealTree:userRequests Completed in 87ms
38 silly idealTree buildDeps
39 silly fetch manifest types-registry@0.1.642
40 silly placeDep ROOT types-registry@0.1.642 REPLACE for:  want: 0.1.642
41 timing idealTree:#root Completed in 2ms
42 timing idealTree:node_modules/types-registry Completed in 0ms
43 timing idealTree:buildDeps Completed in 3ms
44 timing idealTree:fixDepFlags Completed in 1ms
45 timing idealTree Completed in 99ms
46 timing reify:loadTrees Completed in 99ms
47 timing reify:diffTrees Completed in 0ms
48 silly reify moves {}
49 timing reify:retireShallow Completed in 0ms
50 timing reify:createSparse Completed in 0ms
51 timing reify:loadBundles Completed in 0ms
52 silly audit bulk request { 'types-registry': [ '0.1.642' ] }
53 timing reify:unpack Completed in 0ms
54 timing reify:unretire Completed in 0ms
55 timing build:queue Completed in 0ms
56 timing build:deps Completed in 0ms
57 timing build Completed in 0ms
58 timing reify:build Completed in 0ms
59 timing reify:trash Completed in 0ms
60 timing reify:save Completed in 3ms
61 http fetch POST 200 https://registry.npmjs.org/-/npm/v1/security/advisories/bulk 286ms
62 timing auditReport:getReport Completed in 287ms
63 silly audit report {}
64 timing auditReport:init Completed in 0ms
65 timing reify:audit Completed in 288ms
66 timing reify Completed in 389ms
67 timing command:install Completed in 392ms
68 verbose exit 0
69 timing npm Completed in 420ms
70 info ok
