0 verbose cli /opt/homebrew/Cellar/node/19.4.0_1/bin/node /opt/homebrew/bin/npm
1 info using npm@9.2.0
2 info using node@v19.4.0
3 timing npm:load:whichnode Completed in 0ms
4 timing config:load:defaults Completed in 0ms
5 timing config:load:file:/opt/homebrew/lib/node_modules/npm/npmrc Completed in 2ms
6 timing config:load:builtin Completed in 2ms
7 timing config:load:cli Completed in 2ms
8 timing config:load:env Completed in 0ms
9 timing config:load:file:/Users/arnabseal/Library/Caches/typescript/4.9/.npmrc Completed in 0ms
10 timing config:load:project Completed in 3ms
11 timing config:load:file:/Users/arnabseal/.npmrc Completed in 0ms
12 timing config:load:user Completed in 0ms
13 timing config:load:file:/opt/homebrew/etc/npmrc Completed in 0ms
14 timing config:load:global Completed in 0ms
15 timing config:load:setEnvs Completed in 0ms
16 timing config:load Completed in 7ms
17 timing npm:load:configload Completed in 7ms
18 timing npm:load:mkdirpcache Completed in 1ms
19 timing npm:load:mkdirplogs Completed in 0ms
20 verbose title npm install types-registry@latest
21 verbose argv "install" "--ignore-scripts" "types-registry@latest"
22 timing npm:load:setTitle Completed in 2ms
23 timing config:load:flatten Completed in 1ms
24 timing npm:load:display Completed in 2ms
25 verbose logfile logs-max:10 dir:/Users/arnabseal/.npm/_logs/2023-05-02T13_10_49_469Z-
26 verbose logfile /Users/arnabseal/.npm/_logs/2023-05-02T13_10_49_469Z-debug-0.log
27 timing npm:load:logFile Completed in 2ms
28 timing npm:load:timers Completed in 0ms
29 timing npm:load:configScope Completed in 0ms
30 timing npm:load Completed in 15ms
31 silly logfile done cleaning log files
32 timing config:load:flatten Completed in 0ms
33 timing arborist:ctor Completed in 0ms
34 timing idealTree:init Completed in 9ms
35 timing arborist:ctor Completed in 0ms
36 http fetch GET 200 https://registry.npmjs.org/types-registry 184ms (cache updated)
37 timing idealTree:userRequests Completed in 188ms
38 silly idealTree buildDeps
39 silly fetch manifest types-registry@0.1.642
40 silly placeDep ROOT types-registry@0.1.642 REPLACE for:  want: 0.1.642
41 timing idealTree:#root Completed in 3ms
42 timing idealTree:node_modules/types-registry Completed in 0ms
43 timing idealTree:buildDeps Completed in 3ms
44 timing idealTree:fixDepFlags Completed in 0ms
45 timing idealTree Completed in 201ms
46 timing reify:loadTrees Completed in 201ms
47 timing reify:diffTrees Completed in 0ms
48 silly reify mark retired [
48 silly reify   '/Users/arnabseal/Library/Caches/typescript/4.9/node_modules/types-registry'
48 silly reify ]
49 silly reify moves {
49 silly reify   '/Users/arnabseal/Library/Caches/typescript/4.9/node_modules/types-registry': '/Users/arnabseal/Library/Caches/typescript/4.9/node_modules/.types-registry-8tAbTavF'
49 silly reify }
50 timing reify:retireShallow Completed in 2ms
51 timing reify:createSparse Completed in 1ms
52 timing reify:loadBundles Completed in 0ms
53 silly audit bulk request { 'types-registry': [ '0.1.642' ] }
54 silly tarball no local data for types-registry@https://registry.npmjs.org/types-registry/-/types-registry-0.1.642.tgz. Extracting by manifest.
55 http fetch GET 200 https://registry.npmjs.org/types-registry/-/types-registry-0.1.642.tgz 67ms (cache miss)
56 timing reifyNode:node_modules/types-registry Completed in 70ms
57 timing reify:unpack Completed in 70ms
58 timing reify:unretire Completed in 0ms
59 timing build:queue Completed in 0ms
60 timing build:deps Completed in 0ms
61 timing build Completed in 0ms
62 timing reify:build Completed in 1ms
63 timing reify:trash Completed in 1ms
64 timing reify:save Completed in 3ms
65 http fetch GET 200 https://registry.npmjs.org/npm 331ms (cache updated)
66 http fetch POST 200 https://registry.npmjs.org/-/npm/v1/security/advisories/bulk 279ms
67 timing auditReport:getReport Completed in 279ms
68 silly audit report {}
69 timing auditReport:init Completed in 0ms
70 timing reify:audit Completed in 279ms
71 timing reify Completed in 488ms
72 silly CHANGE node_modules/types-registry
73 timing command:install Completed in 490ms
74 notice
74 notice New minor version of npm available! 9.2.0 -> 9.6.5
74 notice Changelog: <https://github.com/npm/cli/releases/tag/v9.6.5>
74 notice Run `npm install -g npm@9.6.5` to update!
74 notice
75 verbose exit 0
76 timing npm Completed in 513ms
77 info ok
